2023-08-26T09:06:08+00:00 CRITICAL Uncaught Error: Class 'rank_math_primary_category' not found in /home/ngjynjcv/domains/lth.azdigi.shop/public_html/wp-content/themes/lth-theme-child/template-parts/post/content.php:33
Stack trace:
#0 /home/ngjynjcv/domains/lth.azdigi.shop/public_html/wp-includes/template.php(787): require()
#1 /home/ngjynjcv/domains/lth.azdigi.shop/public_html/wp-includes/template.php(720): load_template('/home/ngjynjcv/...', false, Array)
#2 /home/ngjynjcv/domains/lth.azdigi.shop/public_html/wp-includes/general-template.php(206): locate_template(Array, true, false, Array)
#3 /home/ngjynjcv/domains/lth.azdigi.shop/public_html/wp-content/themes/lth-theme-child/inc/blocks/controls/lazyblock-blogs-category/frontend.php(106): get_template_part('template-parts/...', '')
#4 /home/ngjynjcv/domains/lth.azdigi.shop/public_html/wp-includes/class-wp-hook.php(310): lth_blogs_category_output_fe(NULL, Array)
#5 /home/ngjynjcv/domains/lth.azdigi.shop/public_html/wp-includes/plugin.php(205): WP_Hook->apply_filters(NULL, Array)
#6 /home/ngjyn in /home/ngjynjcv/domains/lth.azdigi.shop/public_html/wp-content/themes/lth-theme-child/template-parts/post/content.php on line 33

2023-08-26T09:06:36+00:00 CRITICAL Uncaught Error: Call to a member function get_primary_term() on null in /home/ngjynjcv/domains/lth.azdigi.shop/public_html/wp-content/themes/lth-theme-child/template-parts/post/content.php:34
Stack trace:
#0 /home/ngjynjcv/domains/lth.azdigi.shop/public_html/wp-includes/template.php(787): require()
#1 /home/ngjynjcv/domains/lth.azdigi.shop/public_html/wp-includes/template.php(720): load_template('/home/ngjynjcv/...', false, Array)
#2 /home/ngjynjcv/domains/lth.azdigi.shop/public_html/wp-includes/general-template.php(206): locate_template(Array, true, false, Array)
#3 /home/ngjynjcv/domains/lth.azdigi.shop/public_html/wp-content/themes/lth-theme-child/inc/blocks/controls/lazyblock-blogs-category/frontend.php(106): get_template_part('template-parts/...', '')
#4 /home/ngjynjcv/domains/lth.azdigi.shop/public_html/wp-includes/class-wp-hook.php(310): lth_blogs_category_output_fe(NULL, Array)
#5 /home/ngjynjcv/domains/lth.azdigi.shop/public_html/wp-includes/plugin.php(205): WP_Hook->apply_filters(NULL, Array)
#6 /ho in /home/ngjynjcv/domains/lth.azdigi.shop/public_html/wp-content/themes/lth-theme-child/template-parts/post/content.php on line 34

2023-08-26T09:12:44+00:00 CRITICAL Uncaught Error: Object of class WP_Term could not be converted to string in /home/ngjynjcv/domains/lth.azdigi.shop/public_html/wp-content/themes/lth-theme-child/template-parts/post/content.php:48
Stack trace:
#0 /home/ngjynjcv/domains/lth.azdigi.shop/public_html/wp-includes/template.php(787): require()
#1 /home/ngjynjcv/domains/lth.azdigi.shop/public_html/wp-includes/template.php(720): load_template('/home/ngjynjcv/...', false, Array)
#2 /home/ngjynjcv/domains/lth.azdigi.shop/public_html/wp-includes/general-template.php(206): locate_template(Array, true, false, Array)
#3 /home/ngjynjcv/domains/lth.azdigi.shop/public_html/wp-content/themes/lth-theme-child/inc/blocks/controls/lazyblock-blogs-category/frontend.php(106): get_template_part('template-parts/...', '')
#4 /home/ngjynjcv/domains/lth.azdigi.shop/public_html/wp-includes/class-wp-hook.php(310): lth_blogs_category_output_fe(NULL, Array)
#5 /home/ngjynjcv/domains/lth.azdigi.shop/public_html/wp-includes/plugin.php(205): WP_Hook->apply_filters(NULL, Array)
#6 in /home/ngjynjcv/domains/lth.azdigi.shop/public_html/wp-content/themes/lth-theme-child/template-parts/post/content.php on line 48

