2023-01-02T15:16:59+00:00 CRITICAL Maximum execution time of 300 seconds exceeded in D:\wamp64\www\job\lth\lth-cv\wp-includes\Requests\Transport\cURL.php on line 458

2023-01-02T15:30:48+00:00 CRITICAL syntax error, unexpected 'endif' (T_ENDIF) in D:\wamp64\www\job\lth\lth-cv\wp-content\themes\lth-theme\blocks\controls\lazyblock-list\frontend.php on line 67

2023-01-02T15:31:00+00:00 CRITICAL syntax error, unexpected 'endif' (T_ENDIF) in D:\wamp64\www\job\lth\lth-cv\wp-content\themes\lth-theme\blocks\controls\lazyblock-list\frontend.php on line 67

2023-01-02T16:35:20+00:00 CRITICAL Uncaught Error: Call to undefined function get_field() in D:\wamp64\www\job\lth\lth-cv\wp-content\themes\lth-theme\inc\setup.php:56
Stack trace:
#0 D:\wamp64\www\job\lth\lth-cv\wp-includes\class-wp-hook.php(308): lth_theme_setup('')
#1 D:\wamp64\www\job\lth\lth-cv\wp-includes\class-wp-hook.php(332): WP_Hook->apply_filters(NULL, Array)
#2 D:\wamp64\www\job\lth\lth-cv\wp-includes\plugin.php(517): WP_Hook->do_action(Array)
#3 D:\wamp64\www\job\lth\lth-cv\wp-settings.php(595): do_action('after_setup_the...')
#4 D:\wamp64\www\job\lth\lth-cv\wp-config.php(96): require_once('D:\\wamp64\\www\\j...')
#5 D:\wamp64\www\job\lth\lth-cv\wp-load.php(50): require_once('D:\\wamp64\\www\\j...')
#6 D:\wamp64\www\job\lth\lth-cv\wp-admin\admin.php(34): require_once('D:\\wamp64\\www\\j...')
#7 D:\wamp64\www\job\lth\lth-cv\wp-admin\themes.php(10): require_once('D:\\wamp64\\www\\j...')
#8 {main}
  thrown in D:\wamp64\www\job\lth\lth-cv\wp-content\themes\lth-theme\inc\setup.php on line 56

2023-01-02T16:35:32+00:00 CRITICAL Uncaught Error: Call to undefined function get_field() in D:\wamp64\www\job\lth\lth-cv\wp-content\themes\lth-theme\inc\setup.php:56
Stack trace:
#0 D:\wamp64\www\job\lth\lth-cv\wp-includes\class-wp-hook.php(308): lth_theme_setup('')
#1 D:\wamp64\www\job\lth\lth-cv\wp-includes\class-wp-hook.php(332): WP_Hook->apply_filters(NULL, Array)
#2 D:\wamp64\www\job\lth\lth-cv\wp-includes\plugin.php(517): WP_Hook->do_action(Array)
#3 D:\wamp64\www\job\lth\lth-cv\wp-settings.php(595): do_action('after_setup_the...')
#4 D:\wamp64\www\job\lth\lth-cv\wp-config.php(96): require_once('D:\\wamp64\\www\\j...')
#5 D:\wamp64\www\job\lth\lth-cv\wp-load.php(50): require_once('D:\\wamp64\\www\\j...')
#6 D:\wamp64\www\job\lth\lth-cv\wp-admin\admin-ajax.php(22): require_once('D:\\wamp64\\www\\j...')
#7 {main}
  thrown in D:\wamp64\www\job\lth\lth-cv\wp-content\themes\lth-theme\inc\setup.php on line 56

2023-01-02T16:35:50+00:00 CRITICAL Cannot redeclare acf_settings_url() (previously declared in D:\wamp64\www\job\lth\lth-cv\wp-content\themes\lth-theme\acf\acf.php:20) in D:\wamp64\www\job\lth\lth-cv\wp-content\themes\lth-theme-child\acf\acf.php on line 20

2023-01-02T16:36:18+00:00 CRITICAL Uncaught Error: Call to undefined function acf_include() in D:\wamp64\www\job\lth\lth-cv\wp-content\themes\lth-theme\acf\acf.php:117
Stack trace:
#0 D:\wamp64\www\job\lth\lth-cv\wp-content\themes\lth-theme\acf\acf.php(670): ACF->initialize()
#1 D:\wamp64\www\job\lth\lth-cv\wp-content\themes\lth-theme\acf\acf.php(676): acf()
#2 D:\wamp64\www\job\lth\lth-cv\wp-content\themes\lth-theme\functions.php(20): require_once('D:\\wamp64\\www\\j...')
#3 D:\wamp64\www\job\lth\lth-cv\wp-settings.php(585): include('D:\\wamp64\\www\\j...')
#4 D:\wamp64\www\job\lth\lth-cv\wp-config.php(96): require_once('D:\\wamp64\\www\\j...')
#5 D:\wamp64\www\job\lth\lth-cv\wp-load.php(50): require_once('D:\\wamp64\\www\\j...')
#6 D:\wamp64\www\job\lth\lth-cv\wp-admin\admin.php(34): require_once('D:\\wamp64\\www\\j...')
#7 D:\wamp64\www\job\lth\lth-cv\wp-admin\themes.php(10): require_once('D:\\wamp64\\www\\j...')
#8 {main}
  thrown in D:\wamp64\www\job\lth\lth-cv\wp-content\themes\lth-theme\acf\acf.php on line 117

2023-01-02T16:37:29+00:00 CRITICAL Uncaught Error: Call to undefined function acf_include() in D:\wamp64\www\job\lth\lth-cv\wp-content\themes\lth-theme\acf\acf.php:117
Stack trace:
#0 D:\wamp64\www\job\lth\lth-cv\wp-content\themes\lth-theme\acf\acf.php(670): ACF->initialize()
#1 D:\wamp64\www\job\lth\lth-cv\wp-content\themes\lth-theme\acf\acf.php(676): acf()
#2 D:\wamp64\www\job\lth\lth-cv\wp-content\themes\lth-theme\functions.php(20): require_once('D:\\wamp64\\www\\j...')
#3 D:\wamp64\www\job\lth\lth-cv\wp-settings.php(585): include('D:\\wamp64\\www\\j...')
#4 D:\wamp64\www\job\lth\lth-cv\wp-config.php(96): require_once('D:\\wamp64\\www\\j...')
#5 D:\wamp64\www\job\lth\lth-cv\wp-load.php(50): require_once('D:\\wamp64\\www\\j...')
#6 D:\wamp64\www\job\lth\lth-cv\wp-admin\admin.php(34): require_once('D:\\wamp64\\www\\j...')
#7 D:\wamp64\www\job\lth\lth-cv\wp-admin\themes.php(10): require_once('D:\\wamp64\\www\\j...')
#8 {main}
  thrown in D:\wamp64\www\job\lth\lth-cv\wp-content\themes\lth-theme\acf\acf.php on line 117

2023-01-02T16:37:32+00:00 CRITICAL Uncaught Error: Call to undefined function acf_include() in D:\wamp64\www\job\lth\lth-cv\wp-content\themes\lth-theme\acf\acf.php:117
Stack trace:
#0 D:\wamp64\www\job\lth\lth-cv\wp-content\themes\lth-theme\acf\acf.php(670): ACF->initialize()
#1 D:\wamp64\www\job\lth\lth-cv\wp-content\themes\lth-theme\acf\acf.php(676): acf()
#2 D:\wamp64\www\job\lth\lth-cv\wp-content\themes\lth-theme\functions.php(20): require_once('D:\\wamp64\\www\\j...')
#3 D:\wamp64\www\job\lth\lth-cv\wp-settings.php(585): include('D:\\wamp64\\www\\j...')
#4 D:\wamp64\www\job\lth\lth-cv\wp-config.php(96): require_once('D:\\wamp64\\www\\j...')
#5 D:\wamp64\www\job\lth\lth-cv\wp-load.php(50): require_once('D:\\wamp64\\www\\j...')
#6 D:\wamp64\www\job\lth\lth-cv\wp-admin\admin-ajax.php(22): require_once('D:\\wamp64\\www\\j...')
#7 {main}
  thrown in D:\wamp64\www\job\lth\lth-cv\wp-content\themes\lth-theme\acf\acf.php on line 117

2023-01-02T16:39:10+00:00 CRITICAL Uncaught Error: Call to undefined function acf_include() in D:\wamp64\www\job\lth\lth-cv\wp-content\themes\lth-theme\acf\acf.php:117
Stack trace:
#0 D:\wamp64\www\job\lth\lth-cv\wp-content\themes\lth-theme\acf\acf.php(670): ACF->initialize()
#1 D:\wamp64\www\job\lth\lth-cv\wp-content\themes\lth-theme\acf\acf.php(676): acf()
#2 D:\wamp64\www\job\lth\lth-cv\wp-content\themes\lth-theme\functions.php(20): require_once('D:\\wamp64\\www\\j...')
#3 D:\wamp64\www\job\lth\lth-cv\wp-settings.php(585): include('D:\\wamp64\\www\\j...')
#4 D:\wamp64\www\job\lth\lth-cv\wp-config.php(96): require_once('D:\\wamp64\\www\\j...')
#5 D:\wamp64\www\job\lth\lth-cv\wp-load.php(50): require_once('D:\\wamp64\\www\\j...')
#6 D:\wamp64\www\job\lth\lth-cv\wp-admin\admin.php(34): require_once('D:\\wamp64\\www\\j...')
#7 D:\wamp64\www\job\lth\lth-cv\wp-admin\themes.php(10): require_once('D:\\wamp64\\www\\j...')
#8 {main}
  thrown in D:\wamp64\www\job\lth\lth-cv\wp-content\themes\lth-theme\acf\acf.php on line 117

2023-01-02T16:39:33+00:00 CRITICAL Uncaught Error: Call to undefined function acf_include() in D:\wamp64\www\job\lth\lth-cv\wp-content\themes\lth-theme\acf\acf.php:117
Stack trace:
#0 D:\wamp64\www\job\lth\lth-cv\wp-content\themes\lth-theme\acf\acf.php(670): ACF->initialize()
#1 D:\wamp64\www\job\lth\lth-cv\wp-content\themes\lth-theme\acf\acf.php(676): acf()
#2 D:\wamp64\www\job\lth\lth-cv\wp-content\themes\lth-theme\functions.php(20): require_once('D:\\wamp64\\www\\j...')
#3 D:\wamp64\www\job\lth\lth-cv\wp-settings.php(585): include('D:\\wamp64\\www\\j...')
#4 D:\wamp64\www\job\lth\lth-cv\wp-config.php(96): require_once('D:\\wamp64\\www\\j...')
#5 D:\wamp64\www\job\lth\lth-cv\wp-load.php(50): require_once('D:\\wamp64\\www\\j...')
#6 D:\wamp64\www\job\lth\lth-cv\wp-admin\admin-ajax.php(22): require_once('D:\\wamp64\\www\\j...')
#7 {main}
  thrown in D:\wamp64\www\job\lth\lth-cv\wp-content\themes\lth-theme\acf\acf.php on line 117

2023-01-02T16:39:36+00:00 CRITICAL Uncaught Error: Call to undefined function acf_include() in D:\wamp64\www\job\lth\lth-cv\wp-content\themes\lth-theme\acf\acf.php:117
Stack trace:
#0 D:\wamp64\www\job\lth\lth-cv\wp-content\themes\lth-theme\acf\acf.php(670): ACF->initialize()
#1 D:\wamp64\www\job\lth\lth-cv\wp-content\themes\lth-theme\acf\acf.php(676): acf()
#2 D:\wamp64\www\job\lth\lth-cv\wp-content\themes\lth-theme\functions.php(20): require_once('D:\\wamp64\\www\\j...')
#3 D:\wamp64\www\job\lth\lth-cv\wp-settings.php(585): include('D:\\wamp64\\www\\j...')
#4 D:\wamp64\www\job\lth\lth-cv\wp-config.php(96): require_once('D:\\wamp64\\www\\j...')
#5 D:\wamp64\www\job\lth\lth-cv\wp-load.php(50): require_once('D:\\wamp64\\www\\j...')
#6 D:\wamp64\www\job\lth\lth-cv\wp-blog-header.php(13): require_once('D:\\wamp64\\www\\j...')
#7 D:\wamp64\www\job\lth\lth-cv\index.php(17): require('D:\\wamp64\\www\\j...')
#8 {main}
  thrown in D:\wamp64\www\job\lth\lth-cv\wp-content\themes\lth-theme\acf\acf.php on line 117

2023-01-02T16:39:54+00:00 CRITICAL Uncaught Error: Call to undefined function acf_include() in D:\wamp64\www\job\lth\lth-cv\wp-content\themes\lth-theme\acf\acf.php:117
Stack trace:
#0 D:\wamp64\www\job\lth\lth-cv\wp-content\themes\lth-theme\acf\acf.php(670): ACF->initialize()
#1 D:\wamp64\www\job\lth\lth-cv\wp-content\themes\lth-theme\acf\acf.php(676): acf()
#2 D:\wamp64\www\job\lth\lth-cv\wp-content\themes\lth-theme\functions.php(20): require_once('D:\\wamp64\\www\\j...')
#3 D:\wamp64\www\job\lth\lth-cv\wp-settings.php(585): include('D:\\wamp64\\www\\j...')
#4 D:\wamp64\www\job\lth\lth-cv\wp-config.php(96): require_once('D:\\wamp64\\www\\j...')
#5 D:\wamp64\www\job\lth\lth-cv\wp-load.php(50): require_once('D:\\wamp64\\www\\j...')
#6 D:\wamp64\www\job\lth\lth-cv\wp-blog-header.php(13): require_once('D:\\wamp64\\www\\j...')
#7 D:\wamp64\www\job\lth\lth-cv\index.php(17): require('D:\\wamp64\\www\\j...')
#8 {main}
  thrown in D:\wamp64\www\job\lth\lth-cv\wp-content\themes\lth-theme\acf\acf.php on line 117

2023-01-02T16:41:35+00:00 CRITICAL Uncaught Error: Call to undefined function acf_include() in D:\wamp64\www\job\lth\lth-cv\wp-content\themes\lth-theme\acf\acf.php:117
Stack trace:
#0 D:\wamp64\www\job\lth\lth-cv\wp-content\themes\lth-theme\acf\acf.php(670): ACF->initialize()
#1 D:\wamp64\www\job\lth\lth-cv\wp-content\themes\lth-theme\acf\acf.php(676): acf()
#2 D:\wamp64\www\job\lth\lth-cv\wp-content\themes\lth-theme\functions.php(20): require_once('D:\\wamp64\\www\\j...')
#3 D:\wamp64\www\job\lth\lth-cv\wp-settings.php(585): include('D:\\wamp64\\www\\j...')
#4 D:\wamp64\www\job\lth\lth-cv\wp-config.php(96): require_once('D:\\wamp64\\www\\j...')
#5 D:\wamp64\www\job\lth\lth-cv\wp-load.php(50): require_once('D:\\wamp64\\www\\j...')
#6 D:\wamp64\www\job\lth\lth-cv\wp-admin\admin-ajax.php(22): require_once('D:\\wamp64\\www\\j...')
#7 {main}
  thrown in D:\wamp64\www\job\lth\lth-cv\wp-content\themes\lth-theme\acf\acf.php on line 117

2023-01-02T16:41:55+00:00 CRITICAL Uncaught Error: Call to undefined function acf_include() in D:\wamp64\www\job\lth\lth-cv\wp-content\themes\lth-theme\acf\acf.php:117
Stack trace:
#0 D:\wamp64\www\job\lth\lth-cv\wp-content\themes\lth-theme\acf\acf.php(670): ACF->initialize()
#1 D:\wamp64\www\job\lth\lth-cv\wp-content\themes\lth-theme\acf\acf.php(676): acf()
#2 D:\wamp64\www\job\lth\lth-cv\wp-content\themes\lth-theme\functions.php(20): require_once('D:\\wamp64\\www\\j...')
#3 D:\wamp64\www\job\lth\lth-cv\wp-settings.php(585): include('D:\\wamp64\\www\\j...')
#4 D:\wamp64\www\job\lth\lth-cv\wp-config.php(96): require_once('D:\\wamp64\\www\\j...')
#5 D:\wamp64\www\job\lth\lth-cv\wp-load.php(50): require_once('D:\\wamp64\\www\\j...')
#6 D:\wamp64\www\job\lth\lth-cv\wp-blog-header.php(13): require_once('D:\\wamp64\\www\\j...')
#7 D:\wamp64\www\job\lth\lth-cv\index.php(17): require('D:\\wamp64\\www\\j...')
#8 {main}
  thrown in D:\wamp64\www\job\lth\lth-cv\wp-content\themes\lth-theme\acf\acf.php on line 117

2023-01-02T16:43:36+00:00 CRITICAL Uncaught Error: Call to undefined function acf_include() in D:\wamp64\www\job\lth\lth-cv\wp-content\themes\lth-theme\acf\acf.php:117
Stack trace:
#0 D:\wamp64\www\job\lth\lth-cv\wp-content\themes\lth-theme\acf\acf.php(670): ACF->initialize()
#1 D:\wamp64\www\job\lth\lth-cv\wp-content\themes\lth-theme\acf\acf.php(676): acf()
#2 D:\wamp64\www\job\lth\lth-cv\wp-content\themes\lth-theme\functions.php(20): require_once('D:\\wamp64\\www\\j...')
#3 D:\wamp64\www\job\lth\lth-cv\wp-settings.php(585): include('D:\\wamp64\\www\\j...')
#4 D:\wamp64\www\job\lth\lth-cv\wp-config.php(96): require_once('D:\\wamp64\\www\\j...')
#5 D:\wamp64\www\job\lth\lth-cv\wp-load.php(50): require_once('D:\\wamp64\\www\\j...')
#6 D:\wamp64\www\job\lth\lth-cv\wp-admin\admin-ajax.php(22): require_once('D:\\wamp64\\www\\j...')
#7 {main}
  thrown in D:\wamp64\www\job\lth\lth-cv\wp-content\themes\lth-theme\acf\acf.php on line 117

2023-01-02T16:44:41+00:00 CRITICAL Uncaught Error: Call to undefined function acf_include() in D:\wamp64\www\job\lth\lth-cv\wp-content\themes\lth-theme\acf\acf.php:117
Stack trace:
#0 D:\wamp64\www\job\lth\lth-cv\wp-content\themes\lth-theme\acf\acf.php(670): ACF->initialize()
#1 D:\wamp64\www\job\lth\lth-cv\wp-content\themes\lth-theme\acf\acf.php(676): acf()
#2 D:\wamp64\www\job\lth\lth-cv\wp-content\themes\lth-theme\functions.php(20): require_once('D:\\wamp64\\www\\j...')
#3 D:\wamp64\www\job\lth\lth-cv\wp-settings.php(585): include('D:\\wamp64\\www\\j...')
#4 D:\wamp64\www\job\lth\lth-cv\wp-config.php(96): require_once('D:\\wamp64\\www\\j...')
#5 D:\wamp64\www\job\lth\lth-cv\wp-load.php(50): require_once('D:\\wamp64\\www\\j...')
#6 D:\wamp64\www\job\lth\lth-cv\wp-admin\admin.php(34): require_once('D:\\wamp64\\www\\j...')
#7 D:\wamp64\www\job\lth\lth-cv\wp-admin\themes.php(10): require_once('D:\\wamp64\\www\\j...')
#8 {main}
  thrown in D:\wamp64\www\job\lth\lth-cv\wp-content\themes\lth-theme\acf\acf.php on line 117

2023-01-02T16:45:46+00:00 CRITICAL Uncaught Error: Call to undefined function acf_include() in D:\wamp64\www\job\lth\lth-cv\wp-content\themes\lth-theme\acf\acf.php:117
Stack trace:
#0 D:\wamp64\www\job\lth\lth-cv\wp-content\themes\lth-theme\acf\acf.php(670): ACF->initialize()
#1 D:\wamp64\www\job\lth\lth-cv\wp-content\themes\lth-theme\acf\acf.php(676): acf()
#2 D:\wamp64\www\job\lth\lth-cv\wp-content\themes\lth-theme\functions.php(20): require_once('D:\\wamp64\\www\\j...')
#3 D:\wamp64\www\job\lth\lth-cv\wp-settings.php(585): include('D:\\wamp64\\www\\j...')
#4 D:\wamp64\www\job\lth\lth-cv\wp-config.php(96): require_once('D:\\wamp64\\www\\j...')
#5 D:\wamp64\www\job\lth\lth-cv\wp-load.php(50): require_once('D:\\wamp64\\www\\j...')
#6 D:\wamp64\www\job\lth\lth-cv\wp-admin\admin.php(34): require_once('D:\\wamp64\\www\\j...')
#7 D:\wamp64\www\job\lth\lth-cv\wp-admin\themes.php(10): require_once('D:\\wamp64\\www\\j...')
#8 {main}
  thrown in D:\wamp64\www\job\lth\lth-cv\wp-content\themes\lth-theme\acf\acf.php on line 117

2023-01-02T16:46:39+00:00 CRITICAL Uncaught Error: Call to undefined function acf_include() in D:\wamp64\www\job\lth\lth-cv\wp-content\themes\lth-theme\acf\acf.php:117
Stack trace:
#0 D:\wamp64\www\job\lth\lth-cv\wp-content\themes\lth-theme\acf\acf.php(670): ACF->initialize()
#1 D:\wamp64\www\job\lth\lth-cv\wp-content\themes\lth-theme\acf\acf.php(676): acf()
#2 D:\wamp64\www\job\lth\lth-cv\wp-content\themes\lth-theme\functions.php(20): require_once('D:\\wamp64\\www\\j...')
#3 D:\wamp64\www\job\lth\lth-cv\wp-settings.php(585): include('D:\\wamp64\\www\\j...')
#4 D:\wamp64\www\job\lth\lth-cv\wp-config.php(96): require_once('D:\\wamp64\\www\\j...')
#5 D:\wamp64\www\job\lth\lth-cv\wp-load.php(50): require_once('D:\\wamp64\\www\\j...')
#6 D:\wamp64\www\job\lth\lth-cv\wp-admin\admin.php(34): require_once('D:\\wamp64\\www\\j...')
#7 D:\wamp64\www\job\lth\lth-cv\wp-admin\themes.php(10): require_once('D:\\wamp64\\www\\j...')
#8 {main}
  thrown in D:\wamp64\www\job\lth\lth-cv\wp-content\themes\lth-theme\acf\acf.php on line 117

2023-01-02T16:47:09+00:00 CRITICAL Uncaught Error: Call to undefined function acf_include() in D:\wamp64\www\job\lth\lth-cv\wp-content\themes\lth-theme\acf\acf.php:117
Stack trace:
#0 D:\wamp64\www\job\lth\lth-cv\wp-content\themes\lth-theme\acf\acf.php(670): ACF->initialize()
#1 D:\wamp64\www\job\lth\lth-cv\wp-content\themes\lth-theme\acf\acf.php(676): acf()
#2 D:\wamp64\www\job\lth\lth-cv\wp-content\themes\lth-theme\functions.php(20): require_once('D:\\wamp64\\www\\j...')
#3 D:\wamp64\www\job\lth\lth-cv\wp-settings.php(585): include('D:\\wamp64\\www\\j...')
#4 D:\wamp64\www\job\lth\lth-cv\wp-config.php(96): require_once('D:\\wamp64\\www\\j...')
#5 D:\wamp64\www\job\lth\lth-cv\wp-load.php(50): require_once('D:\\wamp64\\www\\j...')
#6 D:\wamp64\www\job\lth\lth-cv\wp-admin\admin.php(34): require_once('D:\\wamp64\\www\\j...')
#7 D:\wamp64\www\job\lth\lth-cv\wp-admin\themes.php(10): require_once('D:\\wamp64\\www\\j...')
#8 {main}
  thrown in D:\wamp64\www\job\lth\lth-cv\wp-content\themes\lth-theme\acf\acf.php on line 117

2023-01-02T16:54:33+00:00 CRITICAL require_once(): Failed opening required 'D:\wamp64\www\job\lth\lth-cv/wp-content/themes/lth-theme' (include_path='.;C:\php\pear') in D:\wamp64\www\job\lth\lth-cv\wp-content\themes\lth-theme-child\functions.php on line 34

2023-01-02T16:54:33+00:00 CRITICAL require_once(): Failed opening required 'D:\wamp64\www\job\lth\lth-cv/wp-content/themes/lth-theme' (include_path='.;C:\php\pear') in D:\wamp64\www\job\lth\lth-cv\wp-content\themes\lth-theme-child\functions.php on line 34

2023-01-02T17:02:21+00:00 CRITICAL Uncaught Error: Call to undefined function get_field() in D:\wamp64\www\job\lth\lth-cv\wp-content\themes\lth-theme\inc\setup.php:56
Stack trace:
#0 D:\wamp64\www\job\lth\lth-cv\wp-includes\class-wp-hook.php(308): lth_theme_setup('')
#1 D:\wamp64\www\job\lth\lth-cv\wp-includes\class-wp-hook.php(332): WP_Hook->apply_filters(NULL, Array)
#2 D:\wamp64\www\job\lth\lth-cv\wp-includes\plugin.php(517): WP_Hook->do_action(Array)
#3 D:\wamp64\www\job\lth\lth-cv\wp-settings.php(595): do_action('after_setup_the...')
#4 D:\wamp64\www\job\lth\lth-cv\wp-config.php(96): require_once('D:\\wamp64\\www\\j...')
#5 D:\wamp64\www\job\lth\lth-cv\wp-load.php(50): require_once('D:\\wamp64\\www\\j...')
#6 D:\wamp64\www\job\lth\lth-cv\wp-admin\admin-ajax.php(22): require_once('D:\\wamp64\\www\\j...')
#7 {main}
  thrown in D:\wamp64\www\job\lth\lth-cv\wp-content\themes\lth-theme\inc\setup.php on line 56

2023-01-02T17:02:33+00:00 CRITICAL Cannot redeclare acf_settings_url() (previously declared in D:\wamp64\www\job\lth\lth-cv\wp-content\themes\lth-theme-child\inc\acf.php:20) in D:\wamp64\www\job\lth\lth-cv\wp-content\themes\lth-theme\acf\acf.php on line 20

2023-01-02T17:02:34+00:00 CRITICAL Cannot redeclare acf_settings_url() (previously declared in D:\wamp64\www\job\lth\lth-cv\wp-content\themes\lth-theme-child\inc\acf.php:20) in D:\wamp64\www\job\lth\lth-cv\wp-content\themes\lth-theme\acf\acf.php on line 20

2023-01-02T17:03:11+00:00 CRITICAL Cannot redeclare acf_settings_url() (previously declared in D:\wamp64\www\job\lth\lth-cv\wp-content\themes\lth-theme-child\inc\acf.php:20) in D:\wamp64\www\job\lth\lth-cv\wp-content\themes\lth-theme\acf\acf.php on line 20

2023-01-02T17:03:48+00:00 CRITICAL require_once(): Failed opening required 'D:\wamp64\www\job\lth\lth-cv/wp-content/themes/lth-theme' (include_path='.;C:\php\pear') in D:\wamp64\www\job\lth\lth-cv\wp-content\themes\lth-theme-child\functions.php on line 33

2023-01-02T17:05:39+00:00 CRITICAL require_once(): Failed opening required 'D:\wamp64\www\job\lth\lth-cv/wp-content/themes/lth-theme' (include_path='.;C:\php\pear') in D:\wamp64\www\job\lth\lth-cv\wp-content\themes\lth-theme-child\functions.php on line 33

2023-01-02T17:06:15+00:00 CRITICAL require_once(): Failed opening required 'D:\wamp64\www\job\lth\lth-cv/wp-content/themes/lth-theme' (include_path='.;C:\php\pear') in D:\wamp64\www\job\lth\lth-cv\wp-content\themes\lth-theme-child\functions.php on line 33

2023-01-02T17:06:16+00:00 CRITICAL require_once(): Failed opening required 'D:\wamp64\www\job\lth\lth-cv/wp-content/themes/lth-theme' (include_path='.;C:\php\pear') in D:\wamp64\www\job\lth\lth-cv\wp-content\themes\lth-theme-child\functions.php on line 33

2023-01-02T17:06:34+00:00 CRITICAL Cannot redeclare acf_settings_url() (previously declared in D:\wamp64\www\job\lth\lth-cv\wp-content\themes\lth-theme-child\acf\acf.php:20) in D:\wamp64\www\job\lth\lth-cv\wp-content\themes\lth-theme\acf\acf.php on line 20

2023-01-02T17:07:09+00:00 CRITICAL Cannot redeclare acf_settings_url() (previously declared in D:\wamp64\www\job\lth\lth-cv\wp-content\themes\lth-theme-child\acf\acf.php:20) in D:\wamp64\www\job\lth\lth-cv\wp-content\themes\lth-theme\acf\acf.php on line 20

2023-01-02T17:07:13+00:00 CRITICAL Cannot redeclare acf_settings_url() (previously declared in D:\wamp64\www\job\lth\lth-cv\wp-content\themes\lth-theme-child\acf\acf.php:20) in D:\wamp64\www\job\lth\lth-cv\wp-content\themes\lth-theme\acf\acf.php on line 20

2023-01-02T17:18:47+00:00 CRITICAL require_once(): Failed opening required 'D:\wamp64\www\job\lth\lth-cv/wp-content/themes/lth-theme/plugins/acf/acf.php' (include_path='.;C:\php\pear') in D:\wamp64\www\job\lth\lth-cv\wp-content\themes\lth-theme\functions.php on line 22

2023-01-02T17:19:44+00:00 CRITICAL Uncaught Error: Call to undefined function acf_include() in D:\wamp64\www\job\lth\lth-cv\wp-content\themes\lth-theme\plugins\acf\acf.php:117
Stack trace:
#0 D:\wamp64\www\job\lth\lth-cv\wp-content\themes\lth-theme\plugins\acf\acf.php(670): ACF->initialize()
#1 D:\wamp64\www\job\lth\lth-cv\wp-content\themes\lth-theme\plugins\acf\acf.php(676): acf()
#2 D:\wamp64\www\job\lth\lth-cv\wp-content\themes\lth-theme\functions.php(22): require_once('D:\\wamp64\\www\\j...')
#3 D:\wamp64\www\job\lth\lth-cv\wp-settings.php(585): include('D:\\wamp64\\www\\j...')
#4 D:\wamp64\www\job\lth\lth-cv\wp-config.php(96): require_once('D:\\wamp64\\www\\j...')
#5 D:\wamp64\www\job\lth\lth-cv\wp-load.php(50): require_once('D:\\wamp64\\www\\j...')
#6 D:\wamp64\www\job\lth\lth-cv\wp-admin\admin-ajax.php(22): require_once('D:\\wamp64\\www\\j...')
#7 {main}
  thrown in D:\wamp64\www\job\lth\lth-cv\wp-content\themes\lth-theme\plugins\acf\acf.php on line 117

2023-01-02T17:20:47+00:00 CRITICAL Uncaught Error: Call to undefined function acf_include() in D:\wamp64\www\job\lth\lth-cv\wp-content\themes\lth-theme\plugins\acf\acf.php:117
Stack trace:
#0 D:\wamp64\www\job\lth\lth-cv\wp-content\themes\lth-theme\plugins\acf\acf.php(670): ACF->initialize()
#1 D:\wamp64\www\job\lth\lth-cv\wp-content\themes\lth-theme\plugins\acf\acf.php(676): acf()
#2 D:\wamp64\www\job\lth\lth-cv\wp-content\themes\lth-theme\functions.php(22): require_once('D:\\wamp64\\www\\j...')
#3 D:\wamp64\www\job\lth\lth-cv\wp-settings.php(585): include('D:\\wamp64\\www\\j...')
#4 D:\wamp64\www\job\lth\lth-cv\wp-config.php(96): require_once('D:\\wamp64\\www\\j...')
#5 D:\wamp64\www\job\lth\lth-cv\wp-load.php(50): require_once('D:\\wamp64\\www\\j...')
#6 D:\wamp64\www\job\lth\lth-cv\wp-admin\admin-ajax.php(22): require_once('D:\\wamp64\\www\\j...')
#7 {main}
  thrown in D:\wamp64\www\job\lth\lth-cv\wp-content\themes\lth-theme\plugins\acf\acf.php on line 117

2023-01-02T17:20:56+00:00 CRITICAL Uncaught Error: Call to undefined function acf_include() in D:\wamp64\www\job\lth\lth-cv\wp-content\themes\lth-theme\plugins\acf\acf.php:117
Stack trace:
#0 D:\wamp64\www\job\lth\lth-cv\wp-content\themes\lth-theme\plugins\acf\acf.php(670): ACF->initialize()
#1 D:\wamp64\www\job\lth\lth-cv\wp-content\themes\lth-theme\plugins\acf\acf.php(676): acf()
#2 D:\wamp64\www\job\lth\lth-cv\wp-content\themes\lth-theme\functions.php(22): require_once('D:\\wamp64\\www\\j...')
#3 D:\wamp64\www\job\lth\lth-cv\wp-settings.php(585): include('D:\\wamp64\\www\\j...')
#4 D:\wamp64\www\job\lth\lth-cv\wp-config.php(96): require_once('D:\\wamp64\\www\\j...')
#5 D:\wamp64\www\job\lth\lth-cv\wp-load.php(50): require_once('D:\\wamp64\\www\\j...')
#6 D:\wamp64\www\job\lth\lth-cv\wp-admin\admin.php(34): require_once('D:\\wamp64\\www\\j...')
#7 {main}
  thrown in D:\wamp64\www\job\lth\lth-cv\wp-content\themes\lth-theme\plugins\acf\acf.php on line 117

2023-01-02T17:23:24+00:00 CRITICAL require_once(): Failed opening required 'D:\wamp64\www\job\lth\lth-cv/wp-content/themes/lth-theme' (include_path='.;C:\php\pear') in D:\wamp64\www\job\lth\lth-cv\wp-content\themes\lth-theme-child\functions.php on line 33

2023-01-02T17:23:26+00:00 CRITICAL require_once(): Failed opening required 'D:\wamp64\www\job\lth\lth-cv/wp-content/themes/lth-theme' (include_path='.;C:\php\pear') in D:\wamp64\www\job\lth\lth-cv\wp-content\themes\lth-theme-child\functions.php on line 33

2023-01-02T17:23:26+00:00 CRITICAL require_once(): Failed opening required 'D:\wamp64\www\job\lth\lth-cv/wp-content/themes/lth-theme' (include_path='.;C:\php\pear') in D:\wamp64\www\job\lth\lth-cv\wp-content\themes\lth-theme-child\functions.php on line 33

2023-01-02T17:23:27+00:00 CRITICAL require_once(): Failed opening required 'D:\wamp64\www\job\lth\lth-cv/wp-content/themes/lth-theme' (include_path='.;C:\php\pear') in D:\wamp64\www\job\lth\lth-cv\wp-content\themes\lth-theme-child\functions.php on line 33

2023-01-02T17:23:27+00:00 CRITICAL require_once(): Failed opening required 'D:\wamp64\www\job\lth\lth-cv/wp-content/themes/lth-theme' (include_path='.;C:\php\pear') in D:\wamp64\www\job\lth\lth-cv\wp-content\themes\lth-theme-child\functions.php on line 33

2023-01-02T17:23:32+00:00 CRITICAL require_once(): Failed opening required 'D:\wamp64\www\job\lth\lth-cv/wp-content/themes/lth-theme' (include_path='.;C:\php\pear') in D:\wamp64\www\job\lth\lth-cv\wp-content\themes\lth-theme-child\functions.php on line 33

2023-01-02T17:24:34+00:00 CRITICAL require_once(): Failed opening required 'D:\wamp64\www\job\lth\lth-cv/wp-content/themes/lth-theme' (include_path='.;C:\php\pear') in D:\wamp64\www\job\lth\lth-cv\wp-content\themes\lth-theme-child\functions.php on line 33

2023-01-02T17:25:24+00:00 CRITICAL require_once(): Failed opening required '' (include_path='.;C:\php\pear') in D:\wamp64\www\job\lth\lth-cv\wp-content\themes\lth-theme-child\functions.php on line 33

2023-01-02T17:25:32+00:00 CRITICAL require_once(): Failed opening required '' (include_path='.;C:\php\pear') in D:\wamp64\www\job\lth\lth-cv\wp-content\themes\lth-theme-child\functions.php on line 33

2023-01-02T17:26:39+00:00 CRITICAL Uncaught Error: Call to undefined function get_field() in D:\wamp64\www\job\lth\lth-cv\wp-content\themes\lth-theme\inc\setup.php:56
Stack trace:
#0 D:\wamp64\www\job\lth\lth-cv\wp-includes\class-wp-hook.php(308): lth_theme_setup('')
#1 D:\wamp64\www\job\lth\lth-cv\wp-includes\class-wp-hook.php(332): WP_Hook->apply_filters(NULL, Array)
#2 D:\wamp64\www\job\lth\lth-cv\wp-includes\plugin.php(517): WP_Hook->do_action(Array)
#3 D:\wamp64\www\job\lth\lth-cv\wp-settings.php(595): do_action('after_setup_the...')
#4 D:\wamp64\www\job\lth\lth-cv\wp-config.php(96): require_once('D:\\wamp64\\www\\j...')
#5 D:\wamp64\www\job\lth\lth-cv\wp-load.php(50): require_once('D:\\wamp64\\www\\j...')
#6 D:\wamp64\www\job\lth\lth-cv\wp-cron.php(46): require_once('D:\\wamp64\\www\\j...')
#7 {main}
  thrown in D:\wamp64\www\job\lth\lth-cv\wp-content\themes\lth-theme\inc\setup.php on line 56

2023-01-02T17:26:46+00:00 CRITICAL Uncaught Error: Call to undefined function get_field() in D:\wamp64\www\job\lth\lth-cv\wp-content\themes\lth-theme\inc\setup.php:56
Stack trace:
#0 D:\wamp64\www\job\lth\lth-cv\wp-includes\class-wp-hook.php(308): lth_theme_setup('')
#1 D:\wamp64\www\job\lth\lth-cv\wp-includes\class-wp-hook.php(332): WP_Hook->apply_filters(NULL, Array)
#2 D:\wamp64\www\job\lth\lth-cv\wp-includes\plugin.php(517): WP_Hook->do_action(Array)
#3 D:\wamp64\www\job\lth\lth-cv\wp-settings.php(595): do_action('after_setup_the...')
#4 D:\wamp64\www\job\lth\lth-cv\wp-config.php(96): require_once('D:\\wamp64\\www\\j...')
#5 D:\wamp64\www\job\lth\lth-cv\wp-load.php(50): require_once('D:\\wamp64\\www\\j...')
#6 D:\wamp64\www\job\lth\lth-cv\wp-admin\admin.php(34): require_once('D:\\wamp64\\www\\j...')
#7 D:\wamp64\www\job\lth\lth-cv\wp-admin\themes.php(10): require_once('D:\\wamp64\\www\\j...')
#8 {main}
  thrown in D:\wamp64\www\job\lth\lth-cv\wp-content\themes\lth-theme\inc\setup.php on line 56

2023-01-02T17:27:32+00:00 CRITICAL Uncaught Error: Call to undefined function get_field() in D:\wamp64\www\job\lth\lth-cv\wp-content\themes\lth-theme\inc\setup.php:56
Stack trace:
#0 D:\wamp64\www\job\lth\lth-cv\wp-includes\class-wp-hook.php(308): lth_theme_setup('')
#1 D:\wamp64\www\job\lth\lth-cv\wp-includes\class-wp-hook.php(332): WP_Hook->apply_filters(NULL, Array)
#2 D:\wamp64\www\job\lth\lth-cv\wp-includes\plugin.php(517): WP_Hook->do_action(Array)
#3 D:\wamp64\www\job\lth\lth-cv\wp-settings.php(595): do_action('after_setup_the...')
#4 D:\wamp64\www\job\lth\lth-cv\wp-config.php(96): require_once('D:\\wamp64\\www\\j...')
#5 D:\wamp64\www\job\lth\lth-cv\wp-load.php(50): require_once('D:\\wamp64\\www\\j...')
#6 D:\wamp64\www\job\lth\lth-cv\wp-admin\admin-ajax.php(22): require_once('D:\\wamp64\\www\\j...')
#7 {main}
  thrown in D:\wamp64\www\job\lth\lth-cv\wp-content\themes\lth-theme\inc\setup.php on line 56

2023-01-02T17:28:36+00:00 CRITICAL Uncaught Error: Call to undefined function get_field() in D:\wamp64\www\job\lth\lth-cv\wp-content\themes\lth-theme\inc\setup.php:56
Stack trace:
#0 D:\wamp64\www\job\lth\lth-cv\wp-includes\class-wp-hook.php(308): lth_theme_setup('')
#1 D:\wamp64\www\job\lth\lth-cv\wp-includes\class-wp-hook.php(332): WP_Hook->apply_filters(NULL, Array)
#2 D:\wamp64\www\job\lth\lth-cv\wp-includes\plugin.php(517): WP_Hook->do_action(Array)
#3 D:\wamp64\www\job\lth\lth-cv\wp-settings.php(595): do_action('after_setup_the...')
#4 D:\wamp64\www\job\lth\lth-cv\wp-config.php(96): require_once('D:\\wamp64\\www\\j...')
#5 D:\wamp64\www\job\lth\lth-cv\wp-load.php(50): require_once('D:\\wamp64\\www\\j...')
#6 D:\wamp64\www\job\lth\lth-cv\wp-admin\admin-ajax.php(22): require_once('D:\\wamp64\\www\\j...')
#7 {main}
  thrown in D:\wamp64\www\job\lth\lth-cv\wp-content\themes\lth-theme\inc\setup.php on line 56

2023-01-02T17:29:33+00:00 CRITICAL Uncaught Error: Call to undefined function get_field() in D:\wamp64\www\job\lth\lth-cv\wp-content\themes\lth-theme\inc\setup.php:56
Stack trace:
#0 D:\wamp64\www\job\lth\lth-cv\wp-includes\class-wp-hook.php(308): lth_theme_setup('')
#1 D:\wamp64\www\job\lth\lth-cv\wp-includes\class-wp-hook.php(332): WP_Hook->apply_filters(NULL, Array)
#2 D:\wamp64\www\job\lth\lth-cv\wp-includes\plugin.php(517): WP_Hook->do_action(Array)
#3 D:\wamp64\www\job\lth\lth-cv\wp-settings.php(595): do_action('after_setup_the...')
#4 D:\wamp64\www\job\lth\lth-cv\wp-config.php(96): require_once('D:\\wamp64\\www\\j...')
#5 D:\wamp64\www\job\lth\lth-cv\wp-load.php(50): require_once('D:\\wamp64\\www\\j...')
#6 D:\wamp64\www\job\lth\lth-cv\wp-admin\admin-ajax.php(22): require_once('D:\\wamp64\\www\\j...')
#7 {main}
  thrown in D:\wamp64\www\job\lth\lth-cv\wp-content\themes\lth-theme\inc\setup.php on line 56

2023-01-02T17:31:43+00:00 CRITICAL require_once(): Failed opening required 'D:\wamp64\www\job\lth\lth-cv/wp-content/themes/lth-theme-child/plugins/lazy-blocks/lazy-blocks.php' (include_path='.;C:\php\pear') in D:\wamp64\www\job\lth\lth-cv\wp-content\themes\lth-theme-child\blocks\lth-blocks.php on line 19

2023-01-02T17:31:55+00:00 CRITICAL require_once(): Failed opening required 'D:\wamp64\www\job\lth\lth-cv/wp-content/themes/lth-theme-child/plugins/lazy-blocks/lazy-blocks.php' (include_path='.;C:\php\pear') in D:\wamp64\www\job\lth\lth-cv\wp-content\themes\lth-theme-child\blocks\lth-blocks.php on line 19

2023-01-02T17:31:59+00:00 CRITICAL require_once(): Failed opening required 'D:\wamp64\www\job\lth\lth-cv/wp-content/themes/lth-theme-child/plugins/lazy-blocks/lazy-blocks.php' (include_path='.;C:\php\pear') in D:\wamp64\www\job\lth\lth-cv\wp-content\themes\lth-theme-child\blocks\lth-blocks.php on line 19

2023-01-02T17:31:59+00:00 CRITICAL require_once(): Failed opening required 'D:\wamp64\www\job\lth\lth-cv/wp-content/themes/lth-theme-child/plugins/lazy-blocks/lazy-blocks.php' (include_path='.;C:\php\pear') in D:\wamp64\www\job\lth\lth-cv\wp-content\themes\lth-theme-child\blocks\lth-blocks.php on line 19

2023-01-02T17:32:54+00:00 CRITICAL Uncaught Error: Call to undefined function get_theme_file_path_uri() in D:\wamp64\www\job\lth\lth-cv\wp-content\themes\lth-theme-child\blocks\lth-blocks.php:16
Stack trace:
#0 D:\wamp64\www\job\lth\lth-cv\wp-content\themes\lth-theme-child\functions.php(37): require_once()
#1 D:\wamp64\www\job\lth\lth-cv\wp-settings.php(585): include('D:\\wamp64\\www\\j...')
#2 D:\wamp64\www\job\lth\lth-cv\wp-config.php(96): require_once('D:\\wamp64\\www\\j...')
#3 D:\wamp64\www\job\lth\lth-cv\wp-load.php(50): require_once('D:\\wamp64\\www\\j...')
#4 D:\wamp64\www\job\lth\lth-cv\wp-admin\admin.php(34): require_once('D:\\wamp64\\www\\j...')
#5 D:\wamp64\www\job\lth\lth-cv\wp-admin\post.php(12): require_once('D:\\wamp64\\www\\j...')
#6 {main}
  thrown in D:\wamp64\www\job\lth\lth-cv\wp-content\themes\lth-theme-child\blocks\lth-blocks.php on line 16

2023-01-02T17:33:12+00:00 CRITICAL require_once(): Failed opening required 'D:\wamp64\www\job\lth\lth-cv/wp-content/themes/lth-theme-childplugins/lazy-blocks/lazy-blocks.php' (include_path='.;C:\php\pear') in D:\wamp64\www\job\lth\lth-cv\wp-content\themes\lth-theme-child\blocks\lth-blocks.php on line 19

2023-01-02T17:33:44+00:00 CRITICAL require_once(): Failed opening required 'D:\wamp64\www\job\lth\lth-cv/wp-content/themes/lth-theme-childlazy-blocks.php' (include_path='.;C:\php\pear') in D:\wamp64\www\job\lth\lth-cv\wp-content\themes\lth-theme-child\blocks\lth-blocks.php on line 19

2023-01-02T17:33:57+00:00 CRITICAL require_once(): Failed opening required 'D:\wamp64\www\job\lth\lth-cv/wp-content/themes/lth-theme-childplugins/lazy-blocks/lazy-blocks.php' (include_path='.;C:\php\pear') in D:\wamp64\www\job\lth\lth-cv\wp-content\themes\lth-theme-child\blocks\lth-blocks.php on line 19

