2022-07-14T00:52:59+00:00 CRITICAL Maximum execution time of 120 seconds exceeded in D:\wamp64\www\job\lth\lth-theme\wp-content\themes\lth_theme\blocks\controls\lazyblock-banner\editor.php on line 9

line 116

2022-07-14T00:52:59+00:00 CRITICAL Maximum execution time of 120 seconds exceeded in D:\wamp64\www\job\lth\lth-theme\wp-content\themes\lth_theme\blocks\plugins\lazy-blocks\controls\image\index.php on line 8

2022-07-14T00:52:59+00:00 CRITICAL Maximum execution time of 120 seconds exceeded in D:\wamp64\www\job\lth\lth-theme\wp-content\themes\lth_theme\blocks\plugins\lazy-blocks\controls\email\index.php on line 8

2022-07-14T00:52:59+00:00 CRITICAL Maximum execution time of 120 seconds exceeded in D:\wamp64\www\job\lth\lth-theme\wp-content\themes\lth_theme\blocks\controls\lazyblock-banner\frontend.php on line 10

2022-07-14T00:52:59+00:00 CRITICAL Maximum execution time of 120 seconds exceeded in D:\wamp64\www\job\lth\lth-theme\wp-content\themes\lth_theme\blocks\lth-blocks.php on line 28

2022-07-14T02:09:09+00:00 CRITICAL Uncaught GraphQL\Error\InvariantViolation: Schema must contain unique named types but contains multiple types named "" (see http://webonyx.github.io/graphql-php/type-system/#type-registry). in D:\wamp64\www\job\lth\lth-theme\wp-content\plugins\wp-graphql\vendor\webonyx\graphql-php\src\Utils\Utils.php:333
Stack trace:
#0 D:\wamp64\www\job\lth\lth-theme\wp-content\plugins\wp-graphql\vendor\webonyx\graphql-php\src\Type\Schema.php(147): GraphQL\Utils\Utils::invariant(false, 'Schema must con...')
#1 D:\wamp64\www\job\lth\lth-theme\wp-content\plugins\wp-graphql\src\WPSchema.php(53): GraphQL\Type\Schema->__construct(Object(GraphQL\Type\SchemaConfig))
#2 D:\wamp64\www\job\lth\lth-theme\wp-content\plugins\wp-graphql\src\Registry\SchemaRegistry.php(51): WPGraphQL\WPSchema->__construct(Object(GraphQL\Type\SchemaConfig), Object(WPGraphQL\Registry\TypeRegistry))
#3 D:\wamp64\www\job\lth\lth-theme\wp-content\plugins\wp-graphql\src\WPGraphQL.php(681): WPGraphQL\Registry\SchemaRegistry->get_schema()
#4 D:\wamp64\www\job\lth\ in D:\wamp64\www\job\lth\lth-theme\wp-content\plugins\wp-graphql\vendor\webonyx\graphql-php\src\Utils\Utils.php on line 333

2022-07-14T02:09:15+00:00 CRITICAL Uncaught GraphQL\Error\InvariantViolation: Schema must contain unique named types but contains multiple types named "" (see http://webonyx.github.io/graphql-php/type-system/#type-registry). in D:\wamp64\www\job\lth\lth-theme\wp-content\plugins\wp-graphql\vendor\webonyx\graphql-php\src\Utils\Utils.php:333
Stack trace:
#0 D:\wamp64\www\job\lth\lth-theme\wp-content\plugins\wp-graphql\vendor\webonyx\graphql-php\src\Type\Schema.php(147): GraphQL\Utils\Utils::invariant(false, 'Schema must con...')
#1 D:\wamp64\www\job\lth\lth-theme\wp-content\plugins\wp-graphql\src\WPSchema.php(53): GraphQL\Type\Schema->__construct(Object(GraphQL\Type\SchemaConfig))
#2 D:\wamp64\www\job\lth\lth-theme\wp-content\plugins\wp-graphql\src\Registry\SchemaRegistry.php(51): WPGraphQL\WPSchema->__construct(Object(GraphQL\Type\SchemaConfig), Object(WPGraphQL\Registry\TypeRegistry))
#3 D:\wamp64\www\job\lth\lth-theme\wp-content\plugins\wp-graphql\src\WPGraphQL.php(681): WPGraphQL\Registry\SchemaRegistry->get_schema()
#4 D:\wamp64\www\job\lth\ in D:\wamp64\www\job\lth\lth-theme\wp-content\plugins\wp-graphql\vendor\webonyx\graphql-php\src\Utils\Utils.php on line 333

2022-07-14T02:09:21+00:00 CRITICAL Uncaught GraphQL\Error\InvariantViolation: Schema must contain unique named types but contains multiple types named "" (see http://webonyx.github.io/graphql-php/type-system/#type-registry). in D:\wamp64\www\job\lth\lth-theme\wp-content\plugins\wp-graphql\vendor\webonyx\graphql-php\src\Utils\Utils.php:333
Stack trace:
#0 D:\wamp64\www\job\lth\lth-theme\wp-content\plugins\wp-graphql\vendor\webonyx\graphql-php\src\Type\Schema.php(147): GraphQL\Utils\Utils::invariant(false, 'Schema must con...')
#1 D:\wamp64\www\job\lth\lth-theme\wp-content\plugins\wp-graphql\src\WPSchema.php(53): GraphQL\Type\Schema->__construct(Object(GraphQL\Type\SchemaConfig))
#2 D:\wamp64\www\job\lth\lth-theme\wp-content\plugins\wp-graphql\src\Registry\SchemaRegistry.php(51): WPGraphQL\WPSchema->__construct(Object(GraphQL\Type\SchemaConfig), Object(WPGraphQL\Registry\TypeRegistry))
#3 D:\wamp64\www\job\lth\lth-theme\wp-content\plugins\wp-graphql\src\WPGraphQL.php(681): WPGraphQL\Registry\SchemaRegistry->get_schema()
#4 D:\wamp64\www\job\lth\ in D:\wamp64\www\job\lth\lth-theme\wp-content\plugins\wp-graphql\vendor\webonyx\graphql-php\src\Utils\Utils.php on line 333

2022-07-14T02:10:54+00:00 CRITICAL Uncaught GraphQL\Error\InvariantViolation: Schema must contain unique named types but contains multiple types named "" (see http://webonyx.github.io/graphql-php/type-system/#type-registry). in D:\wamp64\www\job\lth\lth-theme\wp-content\plugins\wp-graphql\vendor\webonyx\graphql-php\src\Utils\Utils.php:333
Stack trace:
#0 D:\wamp64\www\job\lth\lth-theme\wp-content\plugins\wp-graphql\vendor\webonyx\graphql-php\src\Type\Schema.php(147): GraphQL\Utils\Utils::invariant(false, 'Schema must con...')
#1 D:\wamp64\www\job\lth\lth-theme\wp-content\plugins\wp-graphql\src\WPSchema.php(53): GraphQL\Type\Schema->__construct(Object(GraphQL\Type\SchemaConfig))
#2 D:\wamp64\www\job\lth\lth-theme\wp-content\plugins\wp-graphql\src\Registry\SchemaRegistry.php(51): WPGraphQL\WPSchema->__construct(Object(GraphQL\Type\SchemaConfig), Object(WPGraphQL\Registry\TypeRegistry))
#3 D:\wamp64\www\job\lth\lth-theme\wp-content\plugins\wp-graphql\src\WPGraphQL.php(681): WPGraphQL\Registry\SchemaRegistry->get_schema()
#4 D:\wamp64\www\job\lth\ in D:\wamp64\www\job\lth\lth-theme\wp-content\plugins\wp-graphql\vendor\webonyx\graphql-php\src\Utils\Utils.php on line 333

2022-07-14T02:10:56+00:00 CRITICAL Uncaught GraphQL\Error\InvariantViolation: Schema must contain unique named types but contains multiple types named "" (see http://webonyx.github.io/graphql-php/type-system/#type-registry). in D:\wamp64\www\job\lth\lth-theme\wp-content\plugins\wp-graphql\vendor\webonyx\graphql-php\src\Utils\Utils.php:333
Stack trace:
#0 D:\wamp64\www\job\lth\lth-theme\wp-content\plugins\wp-graphql\vendor\webonyx\graphql-php\src\Type\Schema.php(147): GraphQL\Utils\Utils::invariant(false, 'Schema must con...')
#1 D:\wamp64\www\job\lth\lth-theme\wp-content\plugins\wp-graphql\src\WPSchema.php(53): GraphQL\Type\Schema->__construct(Object(GraphQL\Type\SchemaConfig))
#2 D:\wamp64\www\job\lth\lth-theme\wp-content\plugins\wp-graphql\src\Registry\SchemaRegistry.php(51): WPGraphQL\WPSchema->__construct(Object(GraphQL\Type\SchemaConfig), Object(WPGraphQL\Registry\TypeRegistry))
#3 D:\wamp64\www\job\lth\lth-theme\wp-content\plugins\wp-graphql\src\WPGraphQL.php(681): WPGraphQL\Registry\SchemaRegistry->get_schema()
#4 D:\wamp64\www\job\lth\ in D:\wamp64\www\job\lth\lth-theme\wp-content\plugins\wp-graphql\vendor\webonyx\graphql-php\src\Utils\Utils.php on line 333

2022-07-14T02:11:18+00:00 CRITICAL Uncaught GraphQL\Error\InvariantViolation: Schema must contain unique named types but contains multiple types named "" (see http://webonyx.github.io/graphql-php/type-system/#type-registry). in D:\wamp64\www\job\lth\lth-theme\wp-content\plugins\wp-graphql\vendor\webonyx\graphql-php\src\Utils\Utils.php:333
Stack trace:
#0 D:\wamp64\www\job\lth\lth-theme\wp-content\plugins\wp-graphql\vendor\webonyx\graphql-php\src\Type\Schema.php(147): GraphQL\Utils\Utils::invariant(false, 'Schema must con...')
#1 D:\wamp64\www\job\lth\lth-theme\wp-content\plugins\wp-graphql\src\WPSchema.php(53): GraphQL\Type\Schema->__construct(Object(GraphQL\Type\SchemaConfig))
#2 D:\wamp64\www\job\lth\lth-theme\wp-content\plugins\wp-graphql\src\Registry\SchemaRegistry.php(51): WPGraphQL\WPSchema->__construct(Object(GraphQL\Type\SchemaConfig), Object(WPGraphQL\Registry\TypeRegistry))
#3 D:\wamp64\www\job\lth\lth-theme\wp-content\plugins\wp-graphql\src\WPGraphQL.php(681): WPGraphQL\Registry\SchemaRegistry->get_schema()
#4 D:\wamp64\www\job\lth\ in D:\wamp64\www\job\lth\lth-theme\wp-content\plugins\wp-graphql\vendor\webonyx\graphql-php\src\Utils\Utils.php on line 333

2022-07-14T02:20:39+00:00 CRITICAL Uncaught GraphQL\Error\InvariantViolation: Schema must contain unique named types but contains multiple types named "" (see http://webonyx.github.io/graphql-php/type-system/#type-registry). in D:\wamp64\www\job\lth\lth-theme\wp-content\plugins\wp-graphql\vendor\webonyx\graphql-php\src\Utils\Utils.php:333
Stack trace:
#0 D:\wamp64\www\job\lth\lth-theme\wp-content\plugins\wp-graphql\vendor\webonyx\graphql-php\src\Type\Schema.php(147): GraphQL\Utils\Utils::invariant(false, 'Schema must con...')
#1 D:\wamp64\www\job\lth\lth-theme\wp-content\plugins\wp-graphql\src\WPSchema.php(53): GraphQL\Type\Schema->__construct(Object(GraphQL\Type\SchemaConfig))
#2 D:\wamp64\www\job\lth\lth-theme\wp-content\plugins\wp-graphql\src\Registry\SchemaRegistry.php(51): WPGraphQL\WPSchema->__construct(Object(GraphQL\Type\SchemaConfig), Object(WPGraphQL\Registry\TypeRegistry))
#3 D:\wamp64\www\job\lth\lth-theme\wp-content\plugins\wp-graphql\src\WPGraphQL.php(681): WPGraphQL\Registry\SchemaRegistry->get_schema()
#4 D:\wamp64\www\job\lth\ in D:\wamp64\www\job\lth\lth-theme\wp-content\plugins\wp-graphql\vendor\webonyx\graphql-php\src\Utils\Utils.php on line 333

2022-07-14T02:21:41+00:00 CRITICAL Uncaught GraphQL\Error\InvariantViolation: Schema must contain unique named types but contains multiple types named "" (see http://webonyx.github.io/graphql-php/type-system/#type-registry). in D:\wamp64\www\job\lth\lth-theme\wp-content\plugins\wp-graphql\vendor\webonyx\graphql-php\src\Utils\Utils.php:333
Stack trace:
#0 D:\wamp64\www\job\lth\lth-theme\wp-content\plugins\wp-graphql\vendor\webonyx\graphql-php\src\Type\Schema.php(147): GraphQL\Utils\Utils::invariant(false, 'Schema must con...')
#1 D:\wamp64\www\job\lth\lth-theme\wp-content\plugins\wp-graphql\src\WPSchema.php(53): GraphQL\Type\Schema->__construct(Object(GraphQL\Type\SchemaConfig))
#2 D:\wamp64\www\job\lth\lth-theme\wp-content\plugins\wp-graphql\src\Registry\SchemaRegistry.php(51): WPGraphQL\WPSchema->__construct(Object(GraphQL\Type\SchemaConfig), Object(WPGraphQL\Registry\TypeRegistry))
#3 D:\wamp64\www\job\lth\lth-theme\wp-content\plugins\wp-graphql\src\WPGraphQL.php(681): WPGraphQL\Registry\SchemaRegistry->get_schema()
#4 D:\wamp64\www\job\lth\ in D:\wamp64\www\job\lth\lth-theme\wp-content\plugins\wp-graphql\vendor\webonyx\graphql-php\src\Utils\Utils.php on line 333

2022-07-14T06:33:07+00:00 CRITICAL Uncaught GraphQL\Error\InvariantViolation: Schema must contain unique named types but contains multiple types named "" (see http://webonyx.github.io/graphql-php/type-system/#type-registry). in D:\wamp64\www\job\lth\lth-theme\wp-content\plugins\wp-graphql\vendor\webonyx\graphql-php\src\Utils\Utils.php:333
Stack trace:
#0 D:\wamp64\www\job\lth\lth-theme\wp-content\plugins\wp-graphql\vendor\webonyx\graphql-php\src\Type\Schema.php(147): GraphQL\Utils\Utils::invariant(false, 'Schema must con...')
#1 D:\wamp64\www\job\lth\lth-theme\wp-content\plugins\wp-graphql\src\WPSchema.php(53): GraphQL\Type\Schema->__construct(Object(GraphQL\Type\SchemaConfig))
#2 D:\wamp64\www\job\lth\lth-theme\wp-content\plugins\wp-graphql\src\Registry\SchemaRegistry.php(51): WPGraphQL\WPSchema->__construct(Object(GraphQL\Type\SchemaConfig), Object(WPGraphQL\Registry\TypeRegistry))
#3 D:\wamp64\www\job\lth\lth-theme\wp-content\plugins\wp-graphql\src\WPGraphQL.php(681): WPGraphQL\Registry\SchemaRegistry->get_schema()
#4 D:\wamp64\www\job\lth\ in D:\wamp64\www\job\lth\lth-theme\wp-content\plugins\wp-graphql\vendor\webonyx\graphql-php\src\Utils\Utils.php on line 333

2022-07-14T09:09:07+00:00 CRITICAL Uncaught GraphQL\Error\InvariantViolation: Schema must contain unique named types but contains multiple types named "" (see http://webonyx.github.io/graphql-php/type-system/#type-registry). in D:\wamp64\www\job\lth\lth-theme\wp-content\plugins\wp-graphql\vendor\webonyx\graphql-php\src\Utils\Utils.php:333
Stack trace:
#0 D:\wamp64\www\job\lth\lth-theme\wp-content\plugins\wp-graphql\vendor\webonyx\graphql-php\src\Type\Schema.php(147): GraphQL\Utils\Utils::invariant(false, 'Schema must con...')
#1 D:\wamp64\www\job\lth\lth-theme\wp-content\plugins\wp-graphql\src\WPSchema.php(53): GraphQL\Type\Schema->__construct(Object(GraphQL\Type\SchemaConfig))
#2 D:\wamp64\www\job\lth\lth-theme\wp-content\plugins\wp-graphql\src\Registry\SchemaRegistry.php(51): WPGraphQL\WPSchema->__construct(Object(GraphQL\Type\SchemaConfig), Object(WPGraphQL\Registry\TypeRegistry))
#3 D:\wamp64\www\job\lth\lth-theme\wp-content\plugins\wp-graphql\src\WPGraphQL.php(681): WPGraphQL\Registry\SchemaRegistry->get_schema()
#4 D:\wamp64\www\job\lth\ in D:\wamp64\www\job\lth\lth-theme\wp-content\plugins\wp-graphql\vendor\webonyx\graphql-php\src\Utils\Utils.php on line 333

2022-07-14T09:10:20+00:00 CRITICAL Uncaught GraphQL\Error\InvariantViolation: Schema must contain unique named types but contains multiple types named "" (see http://webonyx.github.io/graphql-php/type-system/#type-registry). in D:\wamp64\www\job\lth\lth-theme\wp-content\plugins\wp-graphql\vendor\webonyx\graphql-php\src\Utils\Utils.php:333
Stack trace:
#0 D:\wamp64\www\job\lth\lth-theme\wp-content\plugins\wp-graphql\vendor\webonyx\graphql-php\src\Type\Schema.php(147): GraphQL\Utils\Utils::invariant(false, 'Schema must con...')
#1 D:\wamp64\www\job\lth\lth-theme\wp-content\plugins\wp-graphql\src\WPSchema.php(53): GraphQL\Type\Schema->__construct(Object(GraphQL\Type\SchemaConfig))
#2 D:\wamp64\www\job\lth\lth-theme\wp-content\plugins\wp-graphql\src\Registry\SchemaRegistry.php(51): WPGraphQL\WPSchema->__construct(Object(GraphQL\Type\SchemaConfig), Object(WPGraphQL\Registry\TypeRegistry))
#3 D:\wamp64\www\job\lth\lth-theme\wp-content\plugins\wp-graphql\src\WPGraphQL.php(681): WPGraphQL\Registry\SchemaRegistry->get_schema()
#4 D:\wamp64\www\job\lth\ in D:\wamp64\www\job\lth\lth-theme\wp-content\plugins\wp-graphql\vendor\webonyx\graphql-php\src\Utils\Utils.php on line 333

2022-07-14T09:29:39+00:00 CRITICAL Uncaught GraphQL\Error\InvariantViolation: Schema must contain unique named types but contains multiple types named "" (see http://webonyx.github.io/graphql-php/type-system/#type-registry). in D:\wamp64\www\job\lth\lth-theme\wp-content\plugins\wp-graphql\vendor\webonyx\graphql-php\src\Utils\Utils.php:333
Stack trace:
#0 D:\wamp64\www\job\lth\lth-theme\wp-content\plugins\wp-graphql\vendor\webonyx\graphql-php\src\Type\Schema.php(147): GraphQL\Utils\Utils::invariant(false, 'Schema must con...')
#1 D:\wamp64\www\job\lth\lth-theme\wp-content\plugins\wp-graphql\src\WPSchema.php(53): GraphQL\Type\Schema->__construct(Object(GraphQL\Type\SchemaConfig))
#2 D:\wamp64\www\job\lth\lth-theme\wp-content\plugins\wp-graphql\src\Registry\SchemaRegistry.php(51): WPGraphQL\WPSchema->__construct(Object(GraphQL\Type\SchemaConfig), Object(WPGraphQL\Registry\TypeRegistry))
#3 D:\wamp64\www\job\lth\lth-theme\wp-content\plugins\wp-graphql\src\WPGraphQL.php(681): WPGraphQL\Registry\SchemaRegistry->get_schema()
#4 D:\wamp64\www\job\lth\ in D:\wamp64\www\job\lth\lth-theme\wp-content\plugins\wp-graphql\vendor\webonyx\graphql-php\src\Utils\Utils.php on line 333

2022-07-14T09:49:26+00:00 CRITICAL Uncaught GraphQL\Error\InvariantViolation: Schema must contain unique named types but contains multiple types named "" (see http://webonyx.github.io/graphql-php/type-system/#type-registry). in D:\wamp64\www\job\lth\lth-theme\wp-content\plugins\wp-graphql\vendor\webonyx\graphql-php\src\Utils\Utils.php:333
Stack trace:
#0 D:\wamp64\www\job\lth\lth-theme\wp-content\plugins\wp-graphql\vendor\webonyx\graphql-php\src\Type\Schema.php(147): GraphQL\Utils\Utils::invariant(false, 'Schema must con...')
#1 D:\wamp64\www\job\lth\lth-theme\wp-content\plugins\wp-graphql\src\WPSchema.php(53): GraphQL\Type\Schema->__construct(Object(GraphQL\Type\SchemaConfig))
#2 D:\wamp64\www\job\lth\lth-theme\wp-content\plugins\wp-graphql\src\Registry\SchemaRegistry.php(51): WPGraphQL\WPSchema->__construct(Object(GraphQL\Type\SchemaConfig), Object(WPGraphQL\Registry\TypeRegistry))
#3 D:\wamp64\www\job\lth\lth-theme\wp-content\plugins\wp-graphql\src\WPGraphQL.php(681): WPGraphQL\Registry\SchemaRegistry->get_schema()
#4 D:\wamp64\www\job\lth\ in D:\wamp64\www\job\lth\lth-theme\wp-content\plugins\wp-graphql\vendor\webonyx\graphql-php\src\Utils\Utils.php on line 333

2022-07-14T09:49:35+00:00 CRITICAL Uncaught GraphQL\Error\InvariantViolation: Schema must contain unique named types but contains multiple types named "" (see http://webonyx.github.io/graphql-php/type-system/#type-registry). in D:\wamp64\www\job\lth\lth-theme\wp-content\plugins\wp-graphql\vendor\webonyx\graphql-php\src\Utils\Utils.php:333
Stack trace:
#0 D:\wamp64\www\job\lth\lth-theme\wp-content\plugins\wp-graphql\vendor\webonyx\graphql-php\src\Type\Schema.php(147): GraphQL\Utils\Utils::invariant(false, 'Schema must con...')
#1 D:\wamp64\www\job\lth\lth-theme\wp-content\plugins\wp-graphql\src\WPSchema.php(53): GraphQL\Type\Schema->__construct(Object(GraphQL\Type\SchemaConfig))
#2 D:\wamp64\www\job\lth\lth-theme\wp-content\plugins\wp-graphql\src\Registry\SchemaRegistry.php(51): WPGraphQL\WPSchema->__construct(Object(GraphQL\Type\SchemaConfig), Object(WPGraphQL\Registry\TypeRegistry))
#3 D:\wamp64\www\job\lth\lth-theme\wp-content\plugins\wp-graphql\src\WPGraphQL.php(681): WPGraphQL\Registry\SchemaRegistry->get_schema()
#4 D:\wamp64\www\job\lth\ in D:\wamp64\www\job\lth\lth-theme\wp-content\plugins\wp-graphql\vendor\webonyx\graphql-php\src\Utils\Utils.php on line 333

2022-07-14T09:49:51+00:00 CRITICAL Uncaught GraphQL\Error\InvariantViolation: Schema must contain unique named types but contains multiple types named "" (see http://webonyx.github.io/graphql-php/type-system/#type-registry). in D:\wamp64\www\job\lth\lth-theme\wp-content\plugins\wp-graphql\vendor\webonyx\graphql-php\src\Utils\Utils.php:333
Stack trace:
#0 D:\wamp64\www\job\lth\lth-theme\wp-content\plugins\wp-graphql\vendor\webonyx\graphql-php\src\Type\Schema.php(147): GraphQL\Utils\Utils::invariant(false, 'Schema must con...')
#1 D:\wamp64\www\job\lth\lth-theme\wp-content\plugins\wp-graphql\src\WPSchema.php(53): GraphQL\Type\Schema->__construct(Object(GraphQL\Type\SchemaConfig))
#2 D:\wamp64\www\job\lth\lth-theme\wp-content\plugins\wp-graphql\src\Registry\SchemaRegistry.php(51): WPGraphQL\WPSchema->__construct(Object(GraphQL\Type\SchemaConfig), Object(WPGraphQL\Registry\TypeRegistry))
#3 D:\wamp64\www\job\lth\lth-theme\wp-content\plugins\wp-graphql\src\WPGraphQL.php(681): WPGraphQL\Registry\SchemaRegistry->get_schema()
#4 D:\wamp64\www\job\lth\ in D:\wamp64\www\job\lth\lth-theme\wp-content\plugins\wp-graphql\vendor\webonyx\graphql-php\src\Utils\Utils.php on line 333

2022-07-14T09:49:55+00:00 CRITICAL Uncaught GraphQL\Error\InvariantViolation: Schema must contain unique named types but contains multiple types named "" (see http://webonyx.github.io/graphql-php/type-system/#type-registry). in D:\wamp64\www\job\lth\lth-theme\wp-content\plugins\wp-graphql\vendor\webonyx\graphql-php\src\Utils\Utils.php:333
Stack trace:
#0 D:\wamp64\www\job\lth\lth-theme\wp-content\plugins\wp-graphql\vendor\webonyx\graphql-php\src\Type\Schema.php(147): GraphQL\Utils\Utils::invariant(false, 'Schema must con...')
#1 D:\wamp64\www\job\lth\lth-theme\wp-content\plugins\wp-graphql\src\WPSchema.php(53): GraphQL\Type\Schema->__construct(Object(GraphQL\Type\SchemaConfig))
#2 D:\wamp64\www\job\lth\lth-theme\wp-content\plugins\wp-graphql\src\Registry\SchemaRegistry.php(51): WPGraphQL\WPSchema->__construct(Object(GraphQL\Type\SchemaConfig), Object(WPGraphQL\Registry\TypeRegistry))
#3 D:\wamp64\www\job\lth\lth-theme\wp-content\plugins\wp-graphql\src\WPGraphQL.php(681): WPGraphQL\Registry\SchemaRegistry->get_schema()
#4 D:\wamp64\www\job\lth\ in D:\wamp64\www\job\lth\lth-theme\wp-content\plugins\wp-graphql\vendor\webonyx\graphql-php\src\Utils\Utils.php on line 333

2022-07-14T09:50:54+00:00 CRITICAL Uncaught GraphQL\Error\InvariantViolation: Schema must contain unique named types but contains multiple types named "" (see http://webonyx.github.io/graphql-php/type-system/#type-registry). in D:\wamp64\www\job\lth\lth-theme\wp-content\plugins\wp-graphql\vendor\webonyx\graphql-php\src\Utils\Utils.php:333
Stack trace:
#0 D:\wamp64\www\job\lth\lth-theme\wp-content\plugins\wp-graphql\vendor\webonyx\graphql-php\src\Type\Schema.php(147): GraphQL\Utils\Utils::invariant(false, 'Schema must con...')
#1 D:\wamp64\www\job\lth\lth-theme\wp-content\plugins\wp-graphql\src\WPSchema.php(53): GraphQL\Type\Schema->__construct(Object(GraphQL\Type\SchemaConfig))
#2 D:\wamp64\www\job\lth\lth-theme\wp-content\plugins\wp-graphql\src\Registry\SchemaRegistry.php(51): WPGraphQL\WPSchema->__construct(Object(GraphQL\Type\SchemaConfig), Object(WPGraphQL\Registry\TypeRegistry))
#3 D:\wamp64\www\job\lth\lth-theme\wp-content\plugins\wp-graphql\src\WPGraphQL.php(681): WPGraphQL\Registry\SchemaRegistry->get_schema()
#4 D:\wamp64\www\job\lth\ in D:\wamp64\www\job\lth\lth-theme\wp-content\plugins\wp-graphql\vendor\webonyx\graphql-php\src\Utils\Utils.php on line 333

2022-07-14T09:51:17+00:00 CRITICAL Uncaught GraphQL\Error\InvariantViolation: Schema must contain unique named types but contains multiple types named "" (see http://webonyx.github.io/graphql-php/type-system/#type-registry). in D:\wamp64\www\job\lth\lth-theme\wp-content\plugins\wp-graphql\vendor\webonyx\graphql-php\src\Utils\Utils.php:333
Stack trace:
#0 D:\wamp64\www\job\lth\lth-theme\wp-content\plugins\wp-graphql\vendor\webonyx\graphql-php\src\Type\Schema.php(147): GraphQL\Utils\Utils::invariant(false, 'Schema must con...')
#1 D:\wamp64\www\job\lth\lth-theme\wp-content\plugins\wp-graphql\src\WPSchema.php(53): GraphQL\Type\Schema->__construct(Object(GraphQL\Type\SchemaConfig))
#2 D:\wamp64\www\job\lth\lth-theme\wp-content\plugins\wp-graphql\src\Registry\SchemaRegistry.php(51): WPGraphQL\WPSchema->__construct(Object(GraphQL\Type\SchemaConfig), Object(WPGraphQL\Registry\TypeRegistry))
#3 D:\wamp64\www\job\lth\lth-theme\wp-content\plugins\wp-graphql\src\WPGraphQL.php(681): WPGraphQL\Registry\SchemaRegistry->get_schema()
#4 D:\wamp64\www\job\lth\ in D:\wamp64\www\job\lth\lth-theme\wp-content\plugins\wp-graphql\vendor\webonyx\graphql-php\src\Utils\Utils.php on line 333

2022-07-14T09:51:22+00:00 CRITICAL Uncaught GraphQL\Error\InvariantViolation: Schema must contain unique named types but contains multiple types named "" (see http://webonyx.github.io/graphql-php/type-system/#type-registry). in D:\wamp64\www\job\lth\lth-theme\wp-content\plugins\wp-graphql\vendor\webonyx\graphql-php\src\Utils\Utils.php:333
Stack trace:
#0 D:\wamp64\www\job\lth\lth-theme\wp-content\plugins\wp-graphql\vendor\webonyx\graphql-php\src\Type\Schema.php(147): GraphQL\Utils\Utils::invariant(false, 'Schema must con...')
#1 D:\wamp64\www\job\lth\lth-theme\wp-content\plugins\wp-graphql\src\WPSchema.php(53): GraphQL\Type\Schema->__construct(Object(GraphQL\Type\SchemaConfig))
#2 D:\wamp64\www\job\lth\lth-theme\wp-content\plugins\wp-graphql\src\Registry\SchemaRegistry.php(51): WPGraphQL\WPSchema->__construct(Object(GraphQL\Type\SchemaConfig), Object(WPGraphQL\Registry\TypeRegistry))
#3 D:\wamp64\www\job\lth\lth-theme\wp-content\plugins\wp-graphql\src\WPGraphQL.php(681): WPGraphQL\Registry\SchemaRegistry->get_schema()
#4 D:\wamp64\www\job\lth\ in D:\wamp64\www\job\lth\lth-theme\wp-content\plugins\wp-graphql\vendor\webonyx\graphql-php\src\Utils\Utils.php on line 333

2022-07-14T09:51:37+00:00 CRITICAL Uncaught GraphQL\Error\InvariantViolation: Schema must contain unique named types but contains multiple types named "" (see http://webonyx.github.io/graphql-php/type-system/#type-registry). in D:\wamp64\www\job\lth\lth-theme\wp-content\plugins\wp-graphql\vendor\webonyx\graphql-php\src\Utils\Utils.php:333
Stack trace:
#0 D:\wamp64\www\job\lth\lth-theme\wp-content\plugins\wp-graphql\vendor\webonyx\graphql-php\src\Type\Schema.php(147): GraphQL\Utils\Utils::invariant(false, 'Schema must con...')
#1 D:\wamp64\www\job\lth\lth-theme\wp-content\plugins\wp-graphql\src\WPSchema.php(53): GraphQL\Type\Schema->__construct(Object(GraphQL\Type\SchemaConfig))
#2 D:\wamp64\www\job\lth\lth-theme\wp-content\plugins\wp-graphql\src\Registry\SchemaRegistry.php(51): WPGraphQL\WPSchema->__construct(Object(GraphQL\Type\SchemaConfig), Object(WPGraphQL\Registry\TypeRegistry))
#3 D:\wamp64\www\job\lth\lth-theme\wp-content\plugins\wp-graphql\src\WPGraphQL.php(681): WPGraphQL\Registry\SchemaRegistry->get_schema()
#4 D:\wamp64\www\job\lth\ in D:\wamp64\www\job\lth\lth-theme\wp-content\plugins\wp-graphql\vendor\webonyx\graphql-php\src\Utils\Utils.php on line 333

2022-07-14T09:51:41+00:00 CRITICAL Uncaught GraphQL\Error\InvariantViolation: Schema must contain unique named types but contains multiple types named "" (see http://webonyx.github.io/graphql-php/type-system/#type-registry). in D:\wamp64\www\job\lth\lth-theme\wp-content\plugins\wp-graphql\vendor\webonyx\graphql-php\src\Utils\Utils.php:333
Stack trace:
#0 D:\wamp64\www\job\lth\lth-theme\wp-content\plugins\wp-graphql\vendor\webonyx\graphql-php\src\Type\Schema.php(147): GraphQL\Utils\Utils::invariant(false, 'Schema must con...')
#1 D:\wamp64\www\job\lth\lth-theme\wp-content\plugins\wp-graphql\src\WPSchema.php(53): GraphQL\Type\Schema->__construct(Object(GraphQL\Type\SchemaConfig))
#2 D:\wamp64\www\job\lth\lth-theme\wp-content\plugins\wp-graphql\src\Registry\SchemaRegistry.php(51): WPGraphQL\WPSchema->__construct(Object(GraphQL\Type\SchemaConfig), Object(WPGraphQL\Registry\TypeRegistry))
#3 D:\wamp64\www\job\lth\lth-theme\wp-content\plugins\wp-graphql\src\WPGraphQL.php(681): WPGraphQL\Registry\SchemaRegistry->get_schema()
#4 D:\wamp64\www\job\lth\ in D:\wamp64\www\job\lth\lth-theme\wp-content\plugins\wp-graphql\vendor\webonyx\graphql-php\src\Utils\Utils.php on line 333

2022-07-14T09:51:59+00:00 CRITICAL Uncaught GraphQL\Error\InvariantViolation: Schema must contain unique named types but contains multiple types named "" (see http://webonyx.github.io/graphql-php/type-system/#type-registry). in D:\wamp64\www\job\lth\lth-theme\wp-content\plugins\wp-graphql\vendor\webonyx\graphql-php\src\Utils\Utils.php:333
Stack trace:
#0 D:\wamp64\www\job\lth\lth-theme\wp-content\plugins\wp-graphql\vendor\webonyx\graphql-php\src\Type\Schema.php(147): GraphQL\Utils\Utils::invariant(false, 'Schema must con...')
#1 D:\wamp64\www\job\lth\lth-theme\wp-content\plugins\wp-graphql\src\WPSchema.php(53): GraphQL\Type\Schema->__construct(Object(GraphQL\Type\SchemaConfig))
#2 D:\wamp64\www\job\lth\lth-theme\wp-content\plugins\wp-graphql\src\Registry\SchemaRegistry.php(51): WPGraphQL\WPSchema->__construct(Object(GraphQL\Type\SchemaConfig), Object(WPGraphQL\Registry\TypeRegistry))
#3 D:\wamp64\www\job\lth\lth-theme\wp-content\plugins\wp-graphql\src\WPGraphQL.php(681): WPGraphQL\Registry\SchemaRegistry->get_schema()
#4 D:\wamp64\www\job\lth\ in D:\wamp64\www\job\lth\lth-theme\wp-content\plugins\wp-graphql\vendor\webonyx\graphql-php\src\Utils\Utils.php on line 333

2022-07-14T09:52:22+00:00 CRITICAL Uncaught GraphQL\Error\InvariantViolation: Schema must contain unique named types but contains multiple types named "" (see http://webonyx.github.io/graphql-php/type-system/#type-registry). in D:\wamp64\www\job\lth\lth-theme\wp-content\plugins\wp-graphql\vendor\webonyx\graphql-php\src\Utils\Utils.php:333
Stack trace:
#0 D:\wamp64\www\job\lth\lth-theme\wp-content\plugins\wp-graphql\vendor\webonyx\graphql-php\src\Type\Schema.php(147): GraphQL\Utils\Utils::invariant(false, 'Schema must con...')
#1 D:\wamp64\www\job\lth\lth-theme\wp-content\plugins\wp-graphql\src\WPSchema.php(53): GraphQL\Type\Schema->__construct(Object(GraphQL\Type\SchemaConfig))
#2 D:\wamp64\www\job\lth\lth-theme\wp-content\plugins\wp-graphql\src\Registry\SchemaRegistry.php(51): WPGraphQL\WPSchema->__construct(Object(GraphQL\Type\SchemaConfig), Object(WPGraphQL\Registry\TypeRegistry))
#3 D:\wamp64\www\job\lth\lth-theme\wp-content\plugins\wp-graphql\src\WPGraphQL.php(681): WPGraphQL\Registry\SchemaRegistry->get_schema()
#4 D:\wamp64\www\job\lth\ in D:\wamp64\www\job\lth\lth-theme\wp-content\plugins\wp-graphql\vendor\webonyx\graphql-php\src\Utils\Utils.php on line 333

2022-07-14T09:53:27+00:00 CRITICAL Uncaught GraphQL\Error\InvariantViolation: Schema must contain unique named types but contains multiple types named "" (see http://webonyx.github.io/graphql-php/type-system/#type-registry). in D:\wamp64\www\job\lth\lth-theme\wp-content\plugins\wp-graphql\vendor\webonyx\graphql-php\src\Utils\Utils.php:333
Stack trace:
#0 D:\wamp64\www\job\lth\lth-theme\wp-content\plugins\wp-graphql\vendor\webonyx\graphql-php\src\Type\Schema.php(147): GraphQL\Utils\Utils::invariant(false, 'Schema must con...')
#1 D:\wamp64\www\job\lth\lth-theme\wp-content\plugins\wp-graphql\src\WPSchema.php(53): GraphQL\Type\Schema->__construct(Object(GraphQL\Type\SchemaConfig))
#2 D:\wamp64\www\job\lth\lth-theme\wp-content\plugins\wp-graphql\src\Registry\SchemaRegistry.php(51): WPGraphQL\WPSchema->__construct(Object(GraphQL\Type\SchemaConfig), Object(WPGraphQL\Registry\TypeRegistry))
#3 D:\wamp64\www\job\lth\lth-theme\wp-content\plugins\wp-graphql\src\WPGraphQL.php(681): WPGraphQL\Registry\SchemaRegistry->get_schema()
#4 D:\wamp64\www\job\lth\ in D:\wamp64\www\job\lth\lth-theme\wp-content\plugins\wp-graphql\vendor\webonyx\graphql-php\src\Utils\Utils.php on line 333

2022-07-14T09:53:52+00:00 CRITICAL Uncaught GraphQL\Error\InvariantViolation: Schema must contain unique named types but contains multiple types named "" (see http://webonyx.github.io/graphql-php/type-system/#type-registry). in D:\wamp64\www\job\lth\lth-theme\wp-content\plugins\wp-graphql\vendor\webonyx\graphql-php\src\Utils\Utils.php:333
Stack trace:
#0 D:\wamp64\www\job\lth\lth-theme\wp-content\plugins\wp-graphql\vendor\webonyx\graphql-php\src\Type\Schema.php(147): GraphQL\Utils\Utils::invariant(false, 'Schema must con...')
#1 D:\wamp64\www\job\lth\lth-theme\wp-content\plugins\wp-graphql\src\WPSchema.php(53): GraphQL\Type\Schema->__construct(Object(GraphQL\Type\SchemaConfig))
#2 D:\wamp64\www\job\lth\lth-theme\wp-content\plugins\wp-graphql\src\Registry\SchemaRegistry.php(51): WPGraphQL\WPSchema->__construct(Object(GraphQL\Type\SchemaConfig), Object(WPGraphQL\Registry\TypeRegistry))
#3 D:\wamp64\www\job\lth\lth-theme\wp-content\plugins\wp-graphql\src\WPGraphQL.php(681): WPGraphQL\Registry\SchemaRegistry->get_schema()
#4 D:\wamp64\www\job\lth\ in D:\wamp64\www\job\lth\lth-theme\wp-content\plugins\wp-graphql\vendor\webonyx\graphql-php\src\Utils\Utils.php on line 333

2022-07-14T09:57:24+00:00 CRITICAL Uncaught GraphQL\Error\InvariantViolation: Schema must contain unique named types but contains multiple types named "" (see http://webonyx.github.io/graphql-php/type-system/#type-registry). in D:\wamp64\www\job\lth\lth-theme\wp-content\plugins\wp-graphql\vendor\webonyx\graphql-php\src\Utils\Utils.php:333
Stack trace:
#0 D:\wamp64\www\job\lth\lth-theme\wp-content\plugins\wp-graphql\vendor\webonyx\graphql-php\src\Type\Schema.php(147): GraphQL\Utils\Utils::invariant(false, 'Schema must con...')
#1 D:\wamp64\www\job\lth\lth-theme\wp-content\plugins\wp-graphql\src\WPSchema.php(53): GraphQL\Type\Schema->__construct(Object(GraphQL\Type\SchemaConfig))
#2 D:\wamp64\www\job\lth\lth-theme\wp-content\plugins\wp-graphql\src\Registry\SchemaRegistry.php(51): WPGraphQL\WPSchema->__construct(Object(GraphQL\Type\SchemaConfig), Object(WPGraphQL\Registry\TypeRegistry))
#3 D:\wamp64\www\job\lth\lth-theme\wp-content\plugins\wp-graphql\src\WPGraphQL.php(681): WPGraphQL\Registry\SchemaRegistry->get_schema()
#4 D:\wamp64\www\job\lth\ in D:\wamp64\www\job\lth\lth-theme\wp-content\plugins\wp-graphql\vendor\webonyx\graphql-php\src\Utils\Utils.php on line 333

2022-07-14T09:57:27+00:00 CRITICAL Uncaught GraphQL\Error\InvariantViolation: Schema must contain unique named types but contains multiple types named "" (see http://webonyx.github.io/graphql-php/type-system/#type-registry). in D:\wamp64\www\job\lth\lth-theme\wp-content\plugins\wp-graphql\vendor\webonyx\graphql-php\src\Utils\Utils.php:333
Stack trace:
#0 D:\wamp64\www\job\lth\lth-theme\wp-content\plugins\wp-graphql\vendor\webonyx\graphql-php\src\Type\Schema.php(147): GraphQL\Utils\Utils::invariant(false, 'Schema must con...')
#1 D:\wamp64\www\job\lth\lth-theme\wp-content\plugins\wp-graphql\src\WPSchema.php(53): GraphQL\Type\Schema->__construct(Object(GraphQL\Type\SchemaConfig))
#2 D:\wamp64\www\job\lth\lth-theme\wp-content\plugins\wp-graphql\src\Registry\SchemaRegistry.php(51): WPGraphQL\WPSchema->__construct(Object(GraphQL\Type\SchemaConfig), Object(WPGraphQL\Registry\TypeRegistry))
#3 D:\wamp64\www\job\lth\lth-theme\wp-content\plugins\wp-graphql\src\WPGraphQL.php(681): WPGraphQL\Registry\SchemaRegistry->get_schema()
#4 D:\wamp64\www\job\lth\ in D:\wamp64\www\job\lth\lth-theme\wp-content\plugins\wp-graphql\vendor\webonyx\graphql-php\src\Utils\Utils.php on line 333

