2023-07-17T02:58:41+00:00 CRITICAL Maximum execution time of 120 seconds exceeded in D:\wamp64\www\job\lth\lth-cv\wp-content\plugins\wordpress-seo\src\integrations\admin\link-count-columns-integration.php on line 3

2023-07-17T02:58:41+00:00 CRITICAL Maximum execution time of 120 seconds exceeded in D:\wamp64\www\job\lth\lth-cv\wp-content\plugins\woocommerce\includes\admin\marketplace-suggestions\class-wc-marketplace-suggestions.php on line 11

2023-07-17T07:43:30+00:00 CRITICAL Uncaught wfAPICallErrorResponseException: Wordfence API error: Your site did not send an API key when contacting the Wordfence servers. in /home/ngjynjcv/domains/lth.azdigi.shop/public_html/wp-content/plugins/wordfence/lib/wfAPI.php:54
Stack trace:
#0 /home/ngjynjcv/domains/lth.azdigi.shop/public_html/wp-content/plugins/wordfence/lib/wordfenceClass.php(4516): wfAPI->call('mailing_signup', Array, Array)
#1 /home/ngjynjcv/domains/lth.azdigi.shop/public_html/wp-content/plugins/wordfence/lib/wordfenceClass.php(1551): wordfence::ajax_mailingSignup_callback()
#2 /home/ngjynjcv/domains/lth.azdigi.shop/public_html/wp-includes/class-wp-hook.php(308): wordfence::ajaxReceiver('')
#3 /home/ngjynjcv/domains/lth.azdigi.shop/public_html/wp-includes/class-wp-hook.php(332): WP_Hook->apply_filters('', Array)
#4 /home/ngjynjcv/domains/lth.azdigi.shop/public_html/wp-includes/plugin.php(517): WP_Hook->do_action(Array)
#5 /home/ngjynjcv/domains/lth.azdigi.shop/public_html/wp-admin/admin-ajax.php(188): do_action('wp_ajax_wordfen... in /home/ngjynjcv/domains/lth.azdigi.shop/public_html/wp-content/plugins/wordfence/lib/wfAPI.php on line 54

2023-07-17T07:43:30+00:00 CRITICAL Uncaught wfAPICallErrorResponseException: Wordfence API error: Your site did not send an API key when contacting the Wordfence servers. in /home/ngjynjcv/domains/lth.azdigi.shop/public_html/wp-content/plugins/wordfence/lib/wfAPI.php:54
Stack trace:
#0 /home/ngjynjcv/domains/lth.azdigi.shop/public_html/wp-content/plugins/wordfence/lib/wordfenceClass.php(4504): wfAPI->call('record_toupp', Array, Array)
#1 /home/ngjynjcv/domains/lth.azdigi.shop/public_html/wp-content/plugins/wordfence/lib/wordfenceClass.php(1551): wordfence::ajax_recordTOUPP_callback()
#2 /home/ngjynjcv/domains/lth.azdigi.shop/public_html/wp-includes/class-wp-hook.php(308): wordfence::ajaxReceiver('')
#3 /home/ngjynjcv/domains/lth.azdigi.shop/public_html/wp-includes/class-wp-hook.php(332): WP_Hook->apply_filters('', Array)
#4 /home/ngjynjcv/domains/lth.azdigi.shop/public_html/wp-includes/plugin.php(517): WP_Hook->do_action(Array)
#5 /home/ngjynjcv/domains/lth.azdigi.shop/public_html/wp-admin/admin-ajax.php(188): do_action('wp_ajax_wordfen...')
# in /home/ngjynjcv/domains/lth.azdigi.shop/public_html/wp-content/plugins/wordfence/lib/wfAPI.php on line 54

2023-07-17T07:43:50+00:00 CRITICAL Uncaught wfAPICallErrorResponseException: Wordfence API error: Your site did not send an API key when contacting the Wordfence servers. in /home/ngjynjcv/domains/lth.azdigi.shop/public_html/wp-content/plugins/wordfence/lib/wfAPI.php:54
Stack trace:
#0 /home/ngjynjcv/domains/lth.azdigi.shop/public_html/wp-content/plugins/wordfence/lib/wordfenceClass.php(4504): wfAPI->call('record_toupp', Array, Array)
#1 /home/ngjynjcv/domains/lth.azdigi.shop/public_html/wp-content/plugins/wordfence/lib/wordfenceClass.php(1551): wordfence::ajax_recordTOUPP_callback()
#2 /home/ngjynjcv/domains/lth.azdigi.shop/public_html/wp-includes/class-wp-hook.php(308): wordfence::ajaxReceiver('')
#3 /home/ngjynjcv/domains/lth.azdigi.shop/public_html/wp-includes/class-wp-hook.php(332): WP_Hook->apply_filters('', Array)
#4 /home/ngjynjcv/domains/lth.azdigi.shop/public_html/wp-includes/plugin.php(517): WP_Hook->do_action(Array)
#5 /home/ngjynjcv/domains/lth.azdigi.shop/public_html/wp-admin/admin-ajax.php(188): do_action('wp_ajax_wordfen...')
# in /home/ngjynjcv/domains/lth.azdigi.shop/public_html/wp-content/plugins/wordfence/lib/wfAPI.php on line 54

2023-07-17T07:43:50+00:00 CRITICAL Uncaught wfAPICallErrorResponseException: Wordfence API error: Your site did not send an API key when contacting the Wordfence servers. in /home/ngjynjcv/domains/lth.azdigi.shop/public_html/wp-content/plugins/wordfence/lib/wfAPI.php:54
Stack trace:
#0 /home/ngjynjcv/domains/lth.azdigi.shop/public_html/wp-content/plugins/wordfence/lib/wordfenceClass.php(4516): wfAPI->call('mailing_signup', Array, Array)
#1 /home/ngjynjcv/domains/lth.azdigi.shop/public_html/wp-content/plugins/wordfence/lib/wordfenceClass.php(1551): wordfence::ajax_mailingSignup_callback()
#2 /home/ngjynjcv/domains/lth.azdigi.shop/public_html/wp-includes/class-wp-hook.php(308): wordfence::ajaxReceiver('')
#3 /home/ngjynjcv/domains/lth.azdigi.shop/public_html/wp-includes/class-wp-hook.php(332): WP_Hook->apply_filters('', Array)
#4 /home/ngjynjcv/domains/lth.azdigi.shop/public_html/wp-includes/plugin.php(517): WP_Hook->do_action(Array)
#5 /home/ngjynjcv/domains/lth.azdigi.shop/public_html/wp-admin/admin-ajax.php(188): do_action('wp_ajax_wordfen... in /home/ngjynjcv/domains/lth.azdigi.shop/public_html/wp-content/plugins/wordfence/lib/wfAPI.php on line 54

2023-07-17T07:44:26+00:00 CRITICAL Uncaught wfAPICallErrorResponseException: Wordfence API error: Your site did not send an API key when contacting the Wordfence servers. in /home/ngjynjcv/domains/lth.azdigi.shop/public_html/wp-content/plugins/wordfence/lib/wfAPI.php:54
Stack trace:
#0 /home/ngjynjcv/domains/lth.azdigi.shop/public_html/wp-content/plugins/wordfence/lib/wordfenceClass.php(4516): wfAPI->call('mailing_signup', Array, Array)
#1 /home/ngjynjcv/domains/lth.azdigi.shop/public_html/wp-content/plugins/wordfence/lib/wordfenceClass.php(1551): wordfence::ajax_mailingSignup_callback()
#2 /home/ngjynjcv/domains/lth.azdigi.shop/public_html/wp-includes/class-wp-hook.php(308): wordfence::ajaxReceiver('')
#3 /home/ngjynjcv/domains/lth.azdigi.shop/public_html/wp-includes/class-wp-hook.php(332): WP_Hook->apply_filters('', Array)
#4 /home/ngjynjcv/domains/lth.azdigi.shop/public_html/wp-includes/plugin.php(517): WP_Hook->do_action(Array)
#5 /home/ngjynjcv/domains/lth.azdigi.shop/public_html/wp-admin/admin-ajax.php(188): do_action('wp_ajax_wordfen... in /home/ngjynjcv/domains/lth.azdigi.shop/public_html/wp-content/plugins/wordfence/lib/wfAPI.php on line 54

2023-07-17T07:44:26+00:00 CRITICAL Uncaught wfAPICallErrorResponseException: Wordfence API error: Your site did not send an API key when contacting the Wordfence servers. in /home/ngjynjcv/domains/lth.azdigi.shop/public_html/wp-content/plugins/wordfence/lib/wfAPI.php:54
Stack trace:
#0 /home/ngjynjcv/domains/lth.azdigi.shop/public_html/wp-content/plugins/wordfence/lib/wordfenceClass.php(4504): wfAPI->call('record_toupp', Array, Array)
#1 /home/ngjynjcv/domains/lth.azdigi.shop/public_html/wp-content/plugins/wordfence/lib/wordfenceClass.php(1551): wordfence::ajax_recordTOUPP_callback()
#2 /home/ngjynjcv/domains/lth.azdigi.shop/public_html/wp-includes/class-wp-hook.php(308): wordfence::ajaxReceiver('')
#3 /home/ngjynjcv/domains/lth.azdigi.shop/public_html/wp-includes/class-wp-hook.php(332): WP_Hook->apply_filters('', Array)
#4 /home/ngjynjcv/domains/lth.azdigi.shop/public_html/wp-includes/plugin.php(517): WP_Hook->do_action(Array)
#5 /home/ngjynjcv/domains/lth.azdigi.shop/public_html/wp-admin/admin-ajax.php(188): do_action('wp_ajax_wordfen...')
# in /home/ngjynjcv/domains/lth.azdigi.shop/public_html/wp-content/plugins/wordfence/lib/wfAPI.php on line 54

2023-07-17T07:45:01+00:00 CRITICAL Uncaught wfAPICallErrorResponseException: Wordfence API error: Your site did not send an API key when contacting the Wordfence servers. in /home/ngjynjcv/domains/lth.azdigi.shop/public_html/wp-content/plugins/wordfence/lib/wfAPI.php:54
Stack trace:
#0 /home/ngjynjcv/domains/lth.azdigi.shop/public_html/wp-content/plugins/wordfence/lib/wordfenceClass.php(4516): wfAPI->call('mailing_signup', Array, Array)
#1 /home/ngjynjcv/domains/lth.azdigi.shop/public_html/wp-content/plugins/wordfence/lib/wordfenceClass.php(1551): wordfence::ajax_mailingSignup_callback()
#2 /home/ngjynjcv/domains/lth.azdigi.shop/public_html/wp-includes/class-wp-hook.php(308): wordfence::ajaxReceiver('')
#3 /home/ngjynjcv/domains/lth.azdigi.shop/public_html/wp-includes/class-wp-hook.php(332): WP_Hook->apply_filters('', Array)
#4 /home/ngjynjcv/domains/lth.azdigi.shop/public_html/wp-includes/plugin.php(517): WP_Hook->do_action(Array)
#5 /home/ngjynjcv/domains/lth.azdigi.shop/public_html/wp-admin/admin-ajax.php(188): do_action('wp_ajax_wordfen... in /home/ngjynjcv/domains/lth.azdigi.shop/public_html/wp-content/plugins/wordfence/lib/wfAPI.php on line 54

2023-07-17T07:45:01+00:00 CRITICAL Uncaught wfAPICallErrorResponseException: Wordfence API error: Your site did not send an API key when contacting the Wordfence servers. in /home/ngjynjcv/domains/lth.azdigi.shop/public_html/wp-content/plugins/wordfence/lib/wfAPI.php:54
Stack trace:
#0 /home/ngjynjcv/domains/lth.azdigi.shop/public_html/wp-content/plugins/wordfence/lib/wordfenceClass.php(4504): wfAPI->call('record_toupp', Array, Array)
#1 /home/ngjynjcv/domains/lth.azdigi.shop/public_html/wp-content/plugins/wordfence/lib/wordfenceClass.php(1551): wordfence::ajax_recordTOUPP_callback()
#2 /home/ngjynjcv/domains/lth.azdigi.shop/public_html/wp-includes/class-wp-hook.php(308): wordfence::ajaxReceiver('')
#3 /home/ngjynjcv/domains/lth.azdigi.shop/public_html/wp-includes/class-wp-hook.php(332): WP_Hook->apply_filters('', Array)
#4 /home/ngjynjcv/domains/lth.azdigi.shop/public_html/wp-includes/plugin.php(517): WP_Hook->do_action(Array)
#5 /home/ngjynjcv/domains/lth.azdigi.shop/public_html/wp-admin/admin-ajax.php(188): do_action('wp_ajax_wordfen...')
# in /home/ngjynjcv/domains/lth.azdigi.shop/public_html/wp-content/plugins/wordfence/lib/wfAPI.php on line 54

2023-07-17T07:45:41+00:00 CRITICAL Uncaught wfAPICallErrorResponseException: Wordfence API error: Your site did not send an API key when contacting the Wordfence servers. in /home/ngjynjcv/domains/lth.azdigi.shop/public_html/wp-content/plugins/wordfence/lib/wfAPI.php:54
Stack trace:
#0 /home/ngjynjcv/domains/lth.azdigi.shop/public_html/wp-content/plugins/wordfence/lib/wordfenceClass.php(4504): wfAPI->call('record_toupp', Array, Array)
#1 /home/ngjynjcv/domains/lth.azdigi.shop/public_html/wp-content/plugins/wordfence/lib/wordfenceClass.php(1551): wordfence::ajax_recordTOUPP_callback()
#2 /home/ngjynjcv/domains/lth.azdigi.shop/public_html/wp-includes/class-wp-hook.php(308): wordfence::ajaxReceiver('')
#3 /home/ngjynjcv/domains/lth.azdigi.shop/public_html/wp-includes/class-wp-hook.php(332): WP_Hook->apply_filters('', Array)
#4 /home/ngjynjcv/domains/lth.azdigi.shop/public_html/wp-includes/plugin.php(517): WP_Hook->do_action(Array)
#5 /home/ngjynjcv/domains/lth.azdigi.shop/public_html/wp-admin/admin-ajax.php(188): do_action('wp_ajax_wordfen...')
# in /home/ngjynjcv/domains/lth.azdigi.shop/public_html/wp-content/plugins/wordfence/lib/wfAPI.php on line 54

2023-07-17T07:45:41+00:00 CRITICAL Uncaught wfAPICallErrorResponseException: Wordfence API error: Your site did not send an API key when contacting the Wordfence servers. in /home/ngjynjcv/domains/lth.azdigi.shop/public_html/wp-content/plugins/wordfence/lib/wfAPI.php:54
Stack trace:
#0 /home/ngjynjcv/domains/lth.azdigi.shop/public_html/wp-content/plugins/wordfence/lib/wordfenceClass.php(4516): wfAPI->call('mailing_signup', Array, Array)
#1 /home/ngjynjcv/domains/lth.azdigi.shop/public_html/wp-content/plugins/wordfence/lib/wordfenceClass.php(1551): wordfence::ajax_mailingSignup_callback()
#2 /home/ngjynjcv/domains/lth.azdigi.shop/public_html/wp-includes/class-wp-hook.php(308): wordfence::ajaxReceiver('')
#3 /home/ngjynjcv/domains/lth.azdigi.shop/public_html/wp-includes/class-wp-hook.php(332): WP_Hook->apply_filters('', Array)
#4 /home/ngjynjcv/domains/lth.azdigi.shop/public_html/wp-includes/plugin.php(517): WP_Hook->do_action(Array)
#5 /home/ngjynjcv/domains/lth.azdigi.shop/public_html/wp-admin/admin-ajax.php(188): do_action('wp_ajax_wordfen... in /home/ngjynjcv/domains/lth.azdigi.shop/public_html/wp-content/plugins/wordfence/lib/wfAPI.php on line 54

